2025-07-03 09:32:25 | INFO | t3shield | log_requests:49 | GET /api/statistics - 200 - 4.420s
2025-07-03 09:32:28 | INFO | t3shield | log_requests:49 | GET /api/statistics - 200 - 2.780s
2025-07-03 09:32:50 | INFO | t3shield | log_requests:49 | GET /login - 200 - 0.003s
2025-07-03 09:32:50 | INFO | t3shield | log_requests:49 | GET /static/css/nav.css - 200 - 0.010s
2025-07-03 09:32:50 | INFO | t3shield | log_requests:49 | GET /static/logo-cropped.svg - 200 - 0.017s
2025-07-03 09:32:55 | INFO | t3shield | log_requests:49 | POST /t3shield/login - 200 - 0.661s
2025-07-03 09:32:55 | INFO | t3shield | log_requests:49 | GET /dashboard-national - 200 - 0.002s
2025-07-03 09:32:55 | INFO | t3shield | log_requests:49 | GET /static/js/global-cache.js - 200 - 0.044s
2025-07-03 09:32:55 | INFO | t3shield | log_requests:49 | GET /static/css/styles.css - 200 - 0.055s
2025-07-03 09:32:55 | INFO | t3shield | log_requests:49 | GET /static/js/data.js - 200 - 0.034s
2025-07-03 09:32:55 | INFO | t3shield | log_requests:49 | GET /static/js/user-management.js - 200 - 0.051s
2025-07-03 09:32:55 | INFO | t3shield | log_requests:49 | GET /static/js/filters.js - 200 - 0.013s
2025-07-03 09:32:55 | INFO | t3shield | log_requests:49 | GET /static/js/map.js - 200 - 0.022s
2025-07-03 09:32:57 | INFO | t3shield | log_requests:49 | GET /t3shield/api/current-user - 200 - 0.705s
2025-07-03 09:32:59 | INFO | t3shield | log_requests:49 | GET /statistiques - 200 - 0.002s
2025-07-03 09:32:59 | INFO | t3shield | log_requests:49 | GET /css/nav.css - 200 - 0.010s
2025-07-03 09:32:59 | INFO | t3shield | log_requests:49 | GET /css/stats-styles.css - 200 - 0.061s
2025-07-03 09:32:59 | INFO | t3shield | log_requests:49 | GET /js/global-cache.js - 200 - 0.042s
2025-07-03 09:32:59 | INFO | t3shield | log_requests:49 | GET /js/user-management.js - 200 - 0.005s
2025-07-03 09:32:59 | INFO | t3shield | log_requests:49 | GET /js/stats-data-refined.js - 200 - 0.005s
2025-07-03 09:33:01 | INFO | t3shield | log_requests:49 | GET /t3shield/api/current-user - 200 - 1.560s
2025-07-03 09:33:01 | INFO | t3shield | get_lycees:2973 | Found 803 Lycees
2025-07-03 09:33:01 | INFO | t3shield | log_requests:49 | GET /t3shield/api/get_lycees - 200 - 5.003s
2025-07-03 09:33:02 | INFO | t3shield | get_arefs:2800 | Found 13 AREFs
2025-07-03 09:33:02 | INFO | t3shield | get_dps:2854 | Found 83 DPs
2025-07-03 09:33:02 | INFO | t3shield | log_requests:49 | GET /t3shield/api/get_arefs - 200 - 5.382s
2025-07-03 09:33:02 | INFO | t3shield | get_villes:2911 | Found 83 Villes
2025-07-03 09:33:02 | INFO | t3shield | log_requests:49 | GET /t3shield/api/get_dps - 200 - 5.462s
2025-07-03 09:33:02 | INFO | t3shield | log_requests:49 | GET /t3shield/api/get_villes - 200 - 5.543s
2025-07-03 09:33:04 | INFO | t3shield | get_lycees:2973 | Found 803 Lycees
2025-07-03 09:33:04 | INFO | t3shield | log_requests:49 | GET /t3shield/api/get_lycees - 200 - 2.465s
2025-07-03 09:33:04 | INFO | t3shield | get_arefs:2800 | Found 13 AREFs
2025-07-03 09:33:04 | INFO | t3shield | get_dps:2854 | Found 83 DPs
2025-07-03 09:33:04 | INFO | t3shield | log_requests:49 | GET /t3shield/api/get_arefs - 200 - 2.247s
2025-07-03 09:33:04 | INFO | t3shield | log_requests:49 | GET /t3shield/api/get_dps - 200 - 2.171s
2025-07-03 09:33:04 | INFO | t3shield | get_villes:2911 | Found 83 Villes
2025-07-03 09:33:04 | INFO | t3shield | log_requests:49 | GET /t3shield/api/get_villes - 200 - 2.306s
2025-07-03 09:33:05 | INFO | t3shield | log_requests:49 | GET /api/verified_analyses - 200 - 0.571s
2025-07-03 09:33:05 | INFO | t3shield | log_requests:49 | GET /api/analyses - 200 - 0.583s
2025-07-03 09:33:05 | INFO | t3shield | log_requests:49 | GET /api/mobility_analyses - 200 - 0.605s
2025-07-03 09:33:06 | INFO | t3shield | log_requests:49 | GET /api/verified_analyses - 200 - 0.496s
2025-07-03 09:33:06 | INFO | t3shield | log_requests:49 | GET /api/mobility_analyses - 200 - 0.583s
2025-07-03 09:33:06 | INFO | t3shield | log_requests:49 | GET /api/analyses - 200 - 0.619s
2025-07-03 09:33:08 | INFO | t3shield | log_requests:49 | GET /api/statistics - 200 - 3.527s
2025-07-03 09:33:10 | INFO | t3shield | log_requests:49 | GET /api/statistics - 200 - 4.073s
2025-07-03 09:54:17 | INFO | t3shield | log_requests:49 | GET /api/statistics - 200 - 3.379s
2025-07-03 09:54:17 | INFO | t3shield | log_requests:49 | GET /api/statistics - 200 - 3.445s
2025-07-03 09:54:17 | INFO | t3shield | log_requests:49 | GET /api/statistics - 200 - 3.625s
2025-07-03 11:37:56 | INFO | t3shield | log_requests:49 | GET /api/verified_analyses - 200 - 0.527s
2025-07-03 11:37:56 | INFO | t3shield | log_requests:49 | GET /api/analyses - 200 - 0.609s
2025-07-03 11:37:56 | INFO | t3shield | log_requests:49 | GET /api/mobility_analyses - 200 - 0.628s
2025-07-03 11:37:57 | INFO | t3shield | log_requests:49 | GET /api/statistics - 200 - 2.838s
2025-07-03 11:37:58 | INFO | t3shield | log_requests:49 | GET /api/statistics - 200 - 1.960s
2025-07-03 11:37:59 | INFO | t3shield | log_requests:49 | GET /api/statistics - 200 - 2.063s
2025-07-03 11:38:01 | INFO | t3shield | log_requests:49 | GET /api/statistics - 200 - 2.057s
2025-07-03 11:38:03 | INFO | t3shield | log_requests:49 | GET /api/statistics - 200 - 2.032s
2025-07-03 11:38:36 | INFO | t3shield | log_requests:49 | GET /api/mobility_analyses - 200 - 0.235s
2025-07-03 11:39:53 | INFO | t3shield | get_arefs:2800 | Found 13 AREFs
2025-07-03 11:39:53 | INFO | t3shield | get_dps:2854 | Found 83 DPs
2025-07-03 11:39:53 | INFO | t3shield | get_villes:2911 | Found 83 Villes
2025-07-03 11:39:53 | INFO | t3shield | log_requests:49 | GET /t3shield/api/get_arefs - 200 - 1.712s
2025-07-03 11:39:53 | INFO | t3shield | log_requests:49 | GET /t3shield/api/get_dps - 200 - 1.735s
2025-07-03 11:39:53 | INFO | t3shield | log_requests:49 | GET /t3shield/api/get_villes - 200 - 1.734s
2025-07-03 11:39:54 | INFO | t3shield | get_lycees:2973 | Found 803 Lycees
2025-07-03 11:39:54 | INFO | t3shield | log_requests:49 | GET /t3shield/api/get_lycees - 200 - 1.924s
2025-07-03 11:39:54 | INFO | t3shield | log_requests:49 | GET /api/verified_analyses - 200 - 0.199s
2025-07-03 11:39:54 | INFO | t3shield | log_requests:49 | GET /api/mobility_analyses - 200 - 0.256s
2025-07-03 11:39:54 | INFO | t3shield | log_requests:49 | GET /api/analyses - 200 - 0.266s
2025-07-03 11:39:54 | INFO | t3shield | log_requests:49 | GET /api/verified_analyses - 200 - 0.197s
2025-07-03 11:39:54 | INFO | t3shield | log_requests:49 | GET /api/mobility_analyses - 200 - 0.241s
2025-07-03 11:39:54 | INFO | t3shield | log_requests:49 | GET /api/analyses - 200 - 0.316s
2025-07-03 11:39:56 | INFO | t3shield | log_requests:49 | GET /t3shield/api/geojson/regions - 200 - 1.864s
2025-07-03 11:40:03 | INFO | t3shield | log_requests:49 | GET /t3shield/api/geojson/provinces - 200 - 6.696s
2025-07-03 11:40:05 | INFO | t3shield | log_requests:49 | GET /api/verified_analyses - 200 - 0.174s
2025-07-03 11:40:05 | INFO | t3shield | log_requests:49 | GET /api/mobility_analyses - 200 - 0.258s
2025-07-03 11:40:05 | INFO | t3shield | log_requests:49 | GET /api/analyses - 200 - 0.295s
2025-07-03 11:40:20 | INFO | t3shield | get_arefs:2800 | Found 13 AREFs
2025-07-03 11:40:20 | INFO | t3shield | get_villes:2911 | Found 83 Villes
2025-07-03 11:40:20 | INFO | t3shield | get_dps:2854 | Found 83 DPs
2025-07-03 11:40:20 | INFO | t3shield | log_requests:49 | GET /t3shield/api/get_arefs - 200 - 1.291s
2025-07-03 11:40:20 | INFO | t3shield | log_requests:49 | GET /t3shield/api/get_villes - 200 - 1.308s
2025-07-03 11:40:20 | INFO | t3shield | log_requests:49 | GET /t3shield/api/get_dps - 200 - 1.313s
2025-07-03 11:40:20 | INFO | t3shield | get_lycees:2973 | Found 803 Lycees
2025-07-03 11:40:20 | INFO | t3shield | log_requests:49 | GET /t3shield/api/get_lycees - 200 - 1.480s
2025-07-03 11:40:20 | INFO | t3shield | log_requests:49 | GET /api/verified_analyses - 200 - 0.173s
2025-07-03 11:40:20 | INFO | t3shield | log_requests:49 | GET /api/mobility_analyses - 200 - 0.259s
2025-07-03 11:40:20 | INFO | t3shield | log_requests:49 | GET /api/analyses - 200 - 0.260s
2025-07-03 11:40:22 | INFO | t3shield | log_requests:49 | GET /api/statistics - 200 - 1.914s
2025-07-03 11:47:23 | INFO | t3shield | log_requests:49 | GET /api/statistics - 200 - 2.042s
2025-07-03 11:47:25 | INFO | t3shield | log_requests:49 | GET /api/statistics - 200 - 2.079s
2025-07-03 11:47:27 | INFO | t3shield | log_requests:49 | GET /api/statistics - 200 - 2.068s
2025-07-03 11:47:30 | INFO | t3shield | log_requests:49 | GET /api/statistics - 200 - 2.088s
2025-07-03 11:48:16 | INFO | t3shield | log_requests:49 | GET /api/statistics - 200 - 2.099s
2025-07-03 11:48:18 | INFO | t3shield | log_requests:49 | GET /api/statistics - 200 - 2.053s
2025-07-03 11:48:20 | INFO | t3shield | log_requests:49 | GET /api/statistics - 200 - 2.055s
2025-07-03 11:48:22 | INFO | t3shield | log_requests:49 | GET /api/statistics - 200 - 2.075s
2025-07-03 11:50:33 | INFO | t3shield | log_requests:49 | GET /api/statistics - 200 - 2.015s
2025-07-03 11:50:35 | INFO | t3shield | log_requests:49 | GET /api/statistics - 200 - 2.033s
2025-07-03 11:50:37 | INFO | t3shield | log_requests:49 | GET /api/statistics - 200 - 2.105s
2025-07-03 11:50:39 | INFO | t3shield | log_requests:49 | GET /api/statistics - 200 - 2.034s
2025-07-03 11:52:24 | INFO | t3shield | log_requests:49 | GET /api/statistics - 200 - 2.091s
2025-07-03 11:52:26 | INFO | t3shield | log_requests:49 | GET /api/statistics - 200 - 2.089s
2025-07-03 11:52:28 | INFO | t3shield | log_requests:49 | GET /api/statistics - 200 - 2.061s
2025-07-03 11:52:30 | INFO | t3shield | log_requests:49 | GET /api/statistics - 200 - 2.088s
2025-07-03 11:53:02 | INFO | t3shield | log_requests:49 | GET /api/statistics - 200 - 2.061s
2025-07-03 11:53:04 | INFO | t3shield | log_requests:49 | GET /api/statistics - 200 - 2.060s
2025-07-03 12:03:34 | INFO | t3shield | log_requests:49 | GET /api/statistics - 200 - 2.086s
2025-07-03 12:03:36 | INFO | t3shield | log_requests:49 | GET /api/statistics - 200 - 2.012s
2025-07-03 12:03:49 | INFO | t3shield | log_requests:49 | GET /api/analyses - 200 - 0.330s
2025-07-03 12:03:49 | INFO | t3shield | log_requests:49 | GET /api/mobility_analyses - 200 - 0.249s
2025-07-03 12:03:49 | INFO | t3shield | log_requests:49 | GET /api/analyses - 200 - 0.314s
2025-07-03 12:03:49 | INFO | t3shield | log_requests:49 | GET /api/verified_analyses - 200 - 0.170s
2025-07-03 12:03:49 | INFO | t3shield | log_requests:49 | GET /api/mobility_analyses - 200 - 0.255s
2025-07-03 12:03:49 | INFO | t3shield | log_requests:49 | GET /api/verified_analyses - 200 - 0.169s
2025-07-03 12:03:50 | INFO | t3shield | log_requests:49 | GET /api/statistics - 200 - 2.041s
2025-07-03 12:03:52 | INFO | t3shield | log_requests:49 | GET /api/statistics - 200 - 2.029s
2025-07-03 12:04:03 | INFO | t3shield | log_requests:49 | GET /api/analyses - 200 - 0.294s
2025-07-03 12:04:03 | INFO | t3shield | log_requests:49 | GET /api/mobility_analyses - 200 - 0.239s
2025-07-03 12:04:03 | INFO | t3shield | log_requests:49 | GET /api/analyses - 200 - 0.312s
2025-07-03 12:04:03 | INFO | t3shield | log_requests:49 | GET /api/verified_analyses - 200 - 0.177s
2025-07-03 12:04:03 | INFO | t3shield | log_requests:49 | GET /api/mobility_analyses - 200 - 0.242s
2025-07-03 12:04:03 | INFO | t3shield | log_requests:49 | GET /api/verified_analyses - 200 - 0.166s
2025-07-03 12:04:04 | INFO | t3shield | log_requests:49 | GET /api/statistics - 200 - 2.019s
2025-07-03 12:04:06 | INFO | t3shield | log_requests:49 | GET /api/statistics - 200 - 1.989s
2025-07-03 12:04:15 | INFO | t3shield | get_villes:2911 | Found 83 Villes
2025-07-03 12:04:15 | INFO | t3shield | get_arefs:2800 | Found 13 AREFs
2025-07-03 12:04:15 | INFO | t3shield | get_dps:2854 | Found 83 DPs
2025-07-03 12:04:15 | INFO | t3shield | log_requests:49 | GET /t3shield/api/get_villes - 200 - 1.300s
2025-07-03 12:04:15 | INFO | t3shield | log_requests:49 | GET /t3shield/api/get_dps - 200 - 1.324s
2025-07-03 12:04:15 | INFO | t3shield | log_requests:49 | GET /t3shield/api/get_arefs - 200 - 1.327s
2025-07-03 12:04:15 | INFO | t3shield | get_lycees:2973 | Found 803 Lycees
2025-07-03 12:04:15 | INFO | t3shield | log_requests:49 | GET /t3shield/api/get_lycees - 200 - 1.440s
2025-07-03 12:04:15 | INFO | t3shield | log_requests:49 | GET /api/verified_analyses - 200 - 0.166s
2025-07-03 12:04:15 | INFO | t3shield | log_requests:49 | GET /api/mobility_analyses - 200 - 0.225s
2025-07-03 12:04:15 | INFO | t3shield | log_requests:49 | GET /api/analyses - 200 - 0.249s
2025-07-03 12:04:16 | INFO | t3shield | log_requests:49 | GET /api/verified_analyses - 200 - 0.160s
2025-07-03 12:04:16 | INFO | t3shield | log_requests:49 | GET /api/mobility_analyses - 200 - 0.240s
2025-07-03 12:04:16 | INFO | t3shield | log_requests:49 | GET /api/analyses - 200 - 0.254s
2025-07-03 12:04:17 | INFO | t3shield | log_requests:49 | GET /t3shield/api/geojson/regions - 200 - 1.523s
2025-07-03 12:04:24 | INFO | t3shield | log_requests:49 | GET /t3shield/api/geojson/provinces - 200 - 6.660s
2025-07-03 12:04:26 | INFO | t3shield | log_requests:49 | GET /api/verified_analyses - 200 - 0.174s
2025-07-03 12:04:26 | INFO | t3shield | log_requests:49 | GET /api/mobility_analyses - 200 - 0.256s
2025-07-03 12:04:27 | INFO | t3shield | log_requests:49 | GET /api/analyses - 200 - 0.313s
2025-07-03 12:05:34 | INFO | t3shield | log_requests:49 | GET /api/analyses - 200 - 0.322s
2025-07-03 12:05:34 | INFO | t3shield | log_requests:49 | GET /api/mobility_analyses - 200 - 0.260s
2025-07-03 12:05:34 | INFO | t3shield | log_requests:49 | GET /api/analyses - 200 - 0.314s
2025-07-03 12:05:34 | INFO | t3shield | log_requests:49 | GET /api/verified_analyses - 200 - 0.158s
2025-07-03 12:05:35 | INFO | t3shield | log_requests:49 | GET /api/mobility_analyses - 200 - 0.243s
2025-07-03 12:05:35 | INFO | t3shield | log_requests:49 | GET /api/verified_analyses - 200 - 0.164s
2025-07-03 12:05:36 | INFO | t3shield | log_requests:49 | GET /api/statistics - 200 - 2.035s
2025-07-03 12:05:38 | INFO | t3shield | log_requests:49 | GET /api/statistics - 200 - 2.050s
2025-07-03 12:05:52 | INFO | t3shield | log_requests:49 | GET /api/analyses - 200 - 0.317s
2025-07-03 12:05:52 | INFO | t3shield | log_requests:49 | GET /api/mobility_analyses - 200 - 0.250s
2025-07-03 12:05:53 | INFO | t3shield | log_requests:49 | GET /api/analyses - 200 - 0.316s
2025-07-03 12:05:53 | INFO | t3shield | log_requests:49 | GET /api/verified_analyses - 200 - 0.160s
2025-07-03 12:05:53 | INFO | t3shield | log_requests:49 | GET /api/mobility_analyses - 200 - 0.227s
2025-07-03 12:05:53 | INFO | t3shield | log_requests:49 | GET /api/verified_analyses - 200 - 0.161s
2025-07-03 12:05:54 | INFO | t3shield | log_requests:49 | GET /api/statistics - 200 - 2.052s
2025-07-03 12:05:56 | INFO | t3shield | log_requests:49 | GET /api/statistics - 200 - 2.009s
2025-07-03 12:06:13 | INFO | t3shield | log_requests:49 | GET /api/statistics - 200 - 2.092s
2025-07-03 12:06:16 | INFO | t3shield | log_requests:49 | GET /api/statistics - 200 - 2.101s
2025-07-03 12:06:16 | INFO | t3shield | log_requests:49 | GET /api/analyses - 200 - 0.319s
2025-07-03 12:06:16 | INFO | t3shield | log_requests:49 | GET /api/mobility_analyses - 200 - 0.219s
2025-07-03 12:06:16 | INFO | t3shield | log_requests:49 | GET /api/analyses - 200 - 0.323s
2025-07-03 12:06:17 | INFO | t3shield | log_requests:49 | GET /api/verified_analyses - 200 - 0.190s
2025-07-03 12:06:17 | INFO | t3shield | log_requests:49 | GET /api/mobility_analyses - 200 - 0.257s
2025-07-03 12:06:17 | INFO | t3shield | log_requests:49 | GET /api/verified_analyses - 200 - 0.170s
2025-07-03 12:06:18 | INFO | t3shield | log_requests:49 | GET /api/statistics - 200 - 2.084s
2025-07-03 12:06:20 | INFO | t3shield | log_requests:49 | GET /api/analyses - 200 - 0.311s
2025-07-03 12:06:20 | INFO | t3shield | log_requests:49 | GET /api/mobility_analyses - 200 - 0.243s
2025-07-03 12:06:20 | INFO | t3shield | log_requests:49 | GET /api/analyses - 200 - 0.316s
2025-07-03 12:06:20 | INFO | t3shield | log_requests:49 | GET /api/statistics - 200 - 2.020s
2025-07-03 12:06:20 | INFO | t3shield | log_requests:49 | GET /api/verified_analyses - 200 - 0.168s
2025-07-03 12:06:20 | INFO | t3shield | log_requests:49 | GET /api/mobility_analyses - 200 - 0.238s
2025-07-03 12:06:20 | INFO | t3shield | log_requests:49 | GET /api/verified_analyses - 200 - 0.169s
2025-07-03 12:06:22 | INFO | t3shield | log_requests:49 | GET /api/statistics - 200 - 1.980s
2025-07-03 12:06:24 | INFO | t3shield | log_requests:49 | GET /api/statistics - 200 - 2.046s
2025-07-03 12:06:26 | INFO | t3shield | get_dps:2854 | Found 83 DPs
2025-07-03 12:06:26 | INFO | t3shield | get_arefs:2800 | Found 13 AREFs
2025-07-03 12:06:26 | INFO | t3shield | get_villes:2911 | Found 83 Villes
2025-07-03 12:06:26 | INFO | t3shield | log_requests:49 | GET /t3shield/api/get_villes - 200 - 1.346s
2025-07-03 12:06:26 | INFO | t3shield | log_requests:49 | GET /t3shield/api/get_arefs - 200 - 1.351s
2025-07-03 12:06:26 | INFO | t3shield | log_requests:49 | GET /t3shield/api/get_dps - 200 - 1.355s
2025-07-03 12:06:26 | INFO | t3shield | get_lycees:2973 | Found 803 Lycees
2025-07-03 12:06:26 | INFO | t3shield | log_requests:49 | GET /t3shield/api/get_lycees - 200 - 1.494s
2025-07-03 12:06:26 | INFO | t3shield | log_requests:49 | GET /api/verified_analyses - 200 - 0.173s
2025-07-03 12:06:26 | INFO | t3shield | log_requests:49 | GET /api/mobility_analyses - 200 - 0.222s
2025-07-03 12:06:27 | INFO | t3shield | log_requests:49 | GET /api/analyses - 200 - 0.254s
2025-07-03 12:06:28 | INFO | t3shield | log_requests:49 | GET /api/statistics - 200 - 1.914s
2025-07-03 12:06:32 | INFO | t3shield | log_requests:49 | GET /api/verified_analyses - 200 - 0.168s
2025-07-03 12:06:32 | INFO | t3shield | log_requests:49 | GET /api/analyses - 200 - 0.226s
2025-07-03 12:06:32 | INFO | t3shield | log_requests:49 | GET /api/mobility_analyses - 200 - 0.226s
2025-07-03 12:06:35 | INFO | t3shield | log_requests:49 | GET /api/statistics - 200 - 2.220s
2025-07-03 12:11:04 | INFO | t3shield | log_requests:49 | GET /api/analyses - 200 - 0.311s
2025-07-03 12:11:04 | INFO | t3shield | log_requests:49 | GET /api/mobility_analyses - 200 - 0.253s
2025-07-03 12:11:04 | INFO | t3shield | log_requests:49 | GET /api/verified_analyses - 200 - 0.167s
2025-07-03 12:11:06 | INFO | t3shield | log_requests:49 | GET /api/statistics - 200 - 2.022s
2025-07-03 12:12:08 | INFO | t3shield | log_requests:49 | GET /api/analyses - 200 - 0.323s
2025-07-03 12:12:08 | INFO | t3shield | log_requests:49 | GET /api/mobility_analyses - 200 - 0.232s
2025-07-03 12:12:08 | INFO | t3shield | log_requests:49 | GET /api/analyses - 200 - 0.285s
2025-07-03 12:12:08 | INFO | t3shield | log_requests:49 | GET /api/verified_analyses - 200 - 0.169s
2025-07-03 12:12:09 | INFO | t3shield | log_requests:49 | GET /api/mobility_analyses - 200 - 0.215s
2025-07-03 12:12:09 | INFO | t3shield | log_requests:49 | GET /api/verified_analyses - 200 - 0.171s
2025-07-03 12:12:10 | INFO | t3shield | log_requests:49 | GET /api/statistics - 200 - 2.006s
2025-07-03 12:12:12 | INFO | t3shield | log_requests:49 | GET /api/statistics - 200 - 2.032s
2025-07-03 12:12:13 | INFO | t3shield | log_requests:49 | GET /api/analyses - 200 - 0.323s
2025-07-03 12:12:13 | INFO | t3shield | log_requests:49 | GET /api/mobility_analyses - 200 - 0.242s
2025-07-03 12:12:13 | INFO | t3shield | log_requests:49 | GET /api/verified_analyses - 200 - 0.169s
2025-07-03 12:12:15 | INFO | t3shield | log_requests:49 | GET /api/statistics - 200 - 2.041s
2025-07-03 12:12:32 | INFO | t3shield | log_requests:49 | GET /api/analyses - 200 - 0.287s
2025-07-03 12:12:32 | INFO | t3shield | log_requests:49 | GET /api/mobility_analyses - 200 - 0.241s
2025-07-03 12:12:32 | INFO | t3shield | log_requests:49 | GET /api/analyses - 200 - 0.305s
2025-07-03 12:12:32 | INFO | t3shield | log_requests:49 | GET /api/verified_analyses - 200 - 0.159s
2025-07-03 12:12:32 | INFO | t3shield | log_requests:49 | GET /api/mobility_analyses - 200 - 0.223s
2025-07-03 12:12:33 | INFO | t3shield | log_requests:49 | GET /api/verified_analyses - 200 - 0.158s
2025-07-03 12:12:34 | INFO | t3shield | log_requests:49 | GET /api/statistics - 200 - 2.019s
2025-07-03 12:12:36 | INFO | t3shield | log_requests:49 | GET /api/statistics - 200 - 2.057s
2025-07-03 12:14:51 | INFO | t3shield | log_requests:49 | GET /api/analyses - 200 - 0.306s
2025-07-03 12:14:52 | INFO | t3shield | log_requests:49 | GET /api/mobility_analyses - 200 - 0.246s
2025-07-03 12:14:52 | INFO | t3shield | log_requests:49 | GET /api/verified_analyses - 200 - 0.163s
2025-07-03 12:14:53 | INFO | t3shield | log_requests:49 | GET /api/statistics - 200 - 2.104s
2025-07-03 12:14:59 | INFO | t3shield | log_requests:49 | GET /api/statistics - 200 - 2.025s
2025-07-03 12:15:01 | INFO | t3shield | log_requests:49 | GET /api/statistics - 200 - 2.289s
2025-07-03 12:15:05 | INFO | t3shield | log_requests:49 | GET /api/statistics - 200 - 2.034s
2025-07-03 12:21:06 | INFO | t3shield | log_requests:49 | GET /api/statistics - 200 - 2.043s
2025-07-03 12:21:08 | INFO | t3shield | log_requests:49 | GET /api/statistics - 200 - 2.024s
2025-07-03 12:21:11 | INFO | t3shield | log_requests:49 | GET /api/analyses - 200 - 0.323s
2025-07-03 12:21:11 | INFO | t3shield | log_requests:49 | GET /api/mobility_analyses - 200 - 0.223s
2025-07-03 12:21:12 | INFO | t3shield | log_requests:49 | GET /api/analyses - 200 - 0.311s
2025-07-03 12:21:12 | INFO | t3shield | log_requests:49 | GET /api/verified_analyses - 200 - 0.177s
2025-07-03 12:21:12 | INFO | t3shield | log_requests:49 | GET /api/mobility_analyses - 200 - 0.235s
2025-07-03 12:21:12 | INFO | t3shield | log_requests:49 | GET /api/verified_analyses - 200 - 0.174s
2025-07-03 12:21:13 | INFO | t3shield | log_requests:49 | GET /api/statistics - 200 - 2.027s
2025-07-03 12:21:15 | INFO | t3shield | log_requests:49 | GET /api/statistics - 200 - 2.010s
2025-07-03 12:21:21 | INFO | t3shield | log_requests:49 | GET /api/analyses - 200 - 0.298s
2025-07-03 12:21:21 | INFO | t3shield | log_requests:49 | GET /api/mobility_analyses - 200 - 0.238s
2025-07-03 12:21:21 | INFO | t3shield | log_requests:49 | GET /api/analyses - 200 - 0.314s
2025-07-03 12:21:21 | INFO | t3shield | log_requests:49 | GET /api/verified_analyses - 200 - 0.171s
2025-07-03 12:21:21 | INFO | t3shield | log_requests:49 | GET /api/mobility_analyses - 200 - 0.229s
2025-07-03 12:21:22 | INFO | t3shield | log_requests:49 | GET /api/verified_analyses - 200 - 0.172s
2025-07-03 12:21:23 | INFO | t3shield | log_requests:49 | GET /api/statistics - 200 - 2.087s
2025-07-03 12:21:25 | INFO | t3shield | log_requests:49 | GET /api/statistics - 200 - 2.552s
2025-07-03 12:21:27 | INFO | t3shield | log_requests:49 | GET /api/analyses - 200 - 0.297s
2025-07-03 12:21:27 | INFO | t3shield | log_requests:49 | GET /api/mobility_analyses - 200 - 0.221s
2025-07-03 12:21:27 | INFO | t3shield | log_requests:49 | GET /api/analyses - 200 - 0.319s
2025-07-03 12:21:27 | INFO | t3shield | log_requests:49 | GET /api/verified_analyses - 200 - 0.170s
2025-07-03 12:21:27 | INFO | t3shield | log_requests:49 | GET /api/mobility_analyses - 200 - 0.228s
2025-07-03 12:21:27 | INFO | t3shield | log_requests:49 | GET /api/verified_analyses - 200 - 0.175s
2025-07-03 12:21:28 | INFO | t3shield | log_requests:49 | GET /api/statistics - 200 - 2.011s
2025-07-03 12:21:29 | INFO | t3shield | log_requests:49 | GET /api/analyses - 200 - 0.302s
2025-07-03 12:21:29 | INFO | t3shield | log_requests:49 | GET /api/mobility_analyses - 200 - 0.276s
2025-07-03 12:21:29 | INFO | t3shield | log_requests:49 | GET /api/analyses - 200 - 0.343s
2025-07-03 12:21:30 | INFO | t3shield | log_requests:49 | GET /api/verified_analyses - 200 - 0.157s
2025-07-03 12:21:30 | INFO | t3shield | log_requests:49 | GET /api/mobility_analyses - 200 - 0.225s
2025-07-03 12:21:30 | INFO | t3shield | log_requests:49 | GET /api/verified_analyses - 200 - 0.157s
2025-07-03 12:21:30 | INFO | t3shield | log_requests:49 | GET /api/statistics - 200 - 2.022s
2025-07-03 12:21:32 | INFO | t3shield | log_requests:49 | GET /api/statistics - 200 - 2.029s
2025-07-03 12:21:34 | INFO | t3shield | log_requests:49 | GET /api/statistics - 200 - 2.000s
2025-07-03 12:24:40 | INFO | t3shield | log_requests:49 | GET /api/statistics - 200 - 1.982s
2025-07-03 12:24:42 | INFO | t3shield | log_requests:49 | GET /api/statistics - 200 - 2.049s
2025-07-03 12:28:46 | INFO | t3shield | log_requests:49 | GET /api/statistics - 200 - 2.076s
2025-07-03 12:28:48 | INFO | t3shield | log_requests:49 | GET /api/statistics - 200 - 2.009s
2025-07-03 12:28:50 | INFO | t3shield | log_requests:49 | GET /api/analyses - 200 - 0.286s
2025-07-03 12:28:50 | INFO | t3shield | log_requests:49 | GET /api/mobility_analyses - 200 - 0.249s
2025-07-03 12:28:50 | INFO | t3shield | log_requests:49 | GET /api/analyses - 200 - 0.305s
2025-07-03 12:28:50 | INFO | t3shield | log_requests:49 | GET /api/verified_analyses - 200 - 0.157s
2025-07-03 12:28:50 | INFO | t3shield | log_requests:49 | GET /api/mobility_analyses - 200 - 0.252s
2025-07-03 12:28:50 | INFO | t3shield | log_requests:49 | GET /api/verified_analyses - 200 - 0.158s
2025-07-03 12:28:51 | INFO | t3shield | log_requests:49 | GET /api/statistics - 200 - 2.071s
2025-07-03 12:28:53 | INFO | t3shield | log_requests:49 | GET /api/statistics - 200 - 2.043s
2025-07-03 12:28:54 | INFO | t3shield | log_requests:49 | GET /api/analyses - 200 - 0.295s
2025-07-03 12:28:55 | INFO | t3shield | log_requests:49 | GET /api/mobility_analyses - 200 - 0.219s
2025-07-03 12:28:55 | INFO | t3shield | log_requests:49 | GET /api/analyses - 200 - 0.315s
2025-07-03 12:28:55 | INFO | t3shield | log_requests:49 | GET /api/verified_analyses - 200 - 0.171s
2025-07-03 12:28:55 | INFO | t3shield | log_requests:49 | GET /api/mobility_analyses - 200 - 0.244s
2025-07-03 12:28:55 | INFO | t3shield | log_requests:49 | GET /api/verified_analyses - 200 - 0.172s
2025-07-03 12:28:56 | INFO | t3shield | log_requests:49 | GET /api/statistics - 200 - 2.050s
2025-07-03 12:28:58 | INFO | t3shield | log_requests:49 | GET /api/statistics - 200 - 2.163s
2025-07-03 12:31:19 | INFO | t3shield | log_requests:49 | GET /api/analyses - 200 - 0.335s
2025-07-03 12:31:20 | INFO | t3shield | log_requests:49 | GET /api/mobility_analyses - 200 - 0.247s
2025-07-03 12:31:20 | INFO | t3shield | log_requests:49 | GET /api/analyses - 200 - 0.322s
2025-07-03 12:31:20 | INFO | t3shield | log_requests:49 | GET /api/verified_analyses - 200 - 0.172s
2025-07-03 12:31:20 | INFO | t3shield | log_requests:49 | GET /api/mobility_analyses - 200 - 0.230s
2025-07-03 12:31:20 | INFO | t3shield | log_requests:49 | GET /api/verified_analyses - 200 - 0.168s
2025-07-03 12:31:21 | INFO | t3shield | log_requests:49 | GET /api/statistics - 200 - 2.002s
2025-07-03 12:31:23 | INFO | t3shield | log_requests:49 | GET /api/statistics - 200 - 2.059s
2025-07-03 12:31:32 | INFO | t3shield | log_requests:49 | GET /api/analyses - 200 - 0.316s
2025-07-03 12:31:33 | INFO | t3shield | log_requests:49 | GET /api/mobility_analyses - 200 - 0.230s
2025-07-03 12:31:33 | INFO | t3shield | log_requests:49 | GET /api/verified_analyses - 200 - 0.189s
2025-07-03 12:31:34 | INFO | t3shield | log_requests:49 | GET /api/statistics - 200 - 2.049s
2025-07-03 12:31:38 | INFO | t3shield | log_requests:49 | GET /api/analyses - 200 - 0.316s
2025-07-03 12:31:39 | INFO | t3shield | log_requests:49 | GET /api/mobility_analyses - 200 - 0.223s
2025-07-03 12:31:39 | INFO | t3shield | log_requests:49 | GET /api/analyses - 200 - 0.310s
2025-07-03 12:31:39 | INFO | t3shield | log_requests:49 | GET /api/verified_analyses - 200 - 0.180s
2025-07-03 12:31:39 | INFO | t3shield | log_requests:49 | GET /api/mobility_analyses - 200 - 0.260s
2025-07-03 12:31:39 | INFO | t3shield | log_requests:49 | GET /api/verified_analyses - 200 - 0.165s
2025-07-03 12:31:40 | INFO | t3shield | log_requests:49 | GET /api/statistics - 200 - 2.107s
2025-07-03 12:31:42 | INFO | t3shield | log_requests:49 | GET /api/statistics - 200 - 2.062s
2025-07-03 12:31:45 | INFO | t3shield | log_requests:49 | GET /api/analyses - 200 - 0.315s
2025-07-03 12:31:45 | INFO | t3shield | log_requests:49 | GET /api/mobility_analyses - 200 - 0.233s
2025-07-03 12:31:45 | INFO | t3shield | log_requests:49 | GET /api/analyses - 200 - 0.312s
2025-07-03 12:31:45 | INFO | t3shield | log_requests:49 | GET /api/verified_analyses - 200 - 0.157s
2025-07-03 12:31:46 | INFO | t3shield | log_requests:49 | GET /api/mobility_analyses - 200 - 0.249s
2025-07-03 12:31:46 | INFO | t3shield | log_requests:49 | GET /api/verified_analyses - 200 - 0.157s
2025-07-03 12:31:47 | INFO | t3shield | log_requests:49 | GET /api/statistics - 200 - 2.075s
2025-07-03 12:31:49 | INFO | t3shield | log_requests:49 | GET /api/statistics - 200 - 2.347s
2025-07-03 12:31:52 | INFO | t3shield | log_requests:49 | GET /api/statistics - 200 - 2.079s
2025-07-03 12:31:54 | INFO | t3shield | log_requests:49 | GET /api/statistics - 200 - 2.006s
2025-07-03 12:31:58 | INFO | t3shield | log_requests:49 | GET /api/analyses - 200 - 0.291s
2025-07-03 12:31:58 | INFO | t3shield | log_requests:49 | GET /api/mobility_analyses - 200 - 0.234s
2025-07-03 12:31:58 | INFO | t3shield | log_requests:49 | GET /api/analyses - 200 - 0.291s
2025-07-03 12:31:59 | INFO | t3shield | log_requests:49 | GET /api/verified_analyses - 200 - 0.169s
2025-07-03 12:31:59 | INFO | t3shield | log_requests:49 | GET /api/mobility_analyses - 200 - 0.233s
2025-07-03 12:31:59 | INFO | t3shield | log_requests:49 | GET /api/verified_analyses - 200 - 0.170s
2025-07-03 12:32:00 | INFO | t3shield | log_requests:49 | GET /api/statistics - 200 - 2.014s
2025-07-03 12:32:02 | INFO | t3shield | log_requests:49 | GET /api/statistics - 200 - 2.102s
2025-07-03 12:32:05 | INFO | t3shield | log_requests:49 | GET /api/statistics - 200 - 2.166s
2025-07-03 12:32:07 | INFO | t3shield | log_requests:49 | GET /api/statistics - 200 - 2.263s
2025-07-03 12:32:46 | INFO | t3shield | log_requests:49 | GET /api/analyses - 200 - 0.362s
2025-07-03 12:32:46 | INFO | t3shield | log_requests:49 | GET /api/mobility_analyses - 200 - 0.272s
2025-07-03 12:32:47 | INFO | t3shield | log_requests:49 | GET /api/analyses - 200 - 0.366s
2025-07-03 12:32:47 | INFO | t3shield | log_requests:49 | GET /api/verified_analyses - 200 - 0.221s
2025-07-03 12:32:47 | INFO | t3shield | log_requests:49 | GET /api/mobility_analyses - 200 - 0.349s
2025-07-03 12:32:47 | INFO | t3shield | log_requests:49 | GET /api/verified_analyses - 200 - 0.176s
2025-07-03 12:32:48 | INFO | t3shield | log_requests:49 | GET /api/statistics - 200 - 2.255s
2025-07-03 12:32:50 | INFO | t3shield | log_requests:49 | GET /api/statistics - 200 - 2.160s
2025-07-03 12:32:52 | INFO | t3shield | log_requests:49 | GET /api/statistics - 200 - 2.143s
2025-07-03 12:32:54 | INFO | t3shield | log_requests:49 | GET /api/statistics - 200 - 2.040s
2025-07-03 12:33:02 | INFO | t3shield | log_requests:49 | GET /api/analyses - 200 - 0.314s
2025-07-03 12:33:03 | INFO | t3shield | log_requests:49 | GET /api/mobility_analyses - 200 - 0.242s
2025-07-03 12:33:03 | INFO | t3shield | log_requests:49 | GET /api/analyses - 200 - 0.314s
2025-07-03 12:33:03 | INFO | t3shield | log_requests:49 | GET /api/verified_analyses - 200 - 0.210s
2025-07-03 12:33:03 | INFO | t3shield | log_requests:49 | GET /api/mobility_analyses - 200 - 0.482s
2025-07-03 12:33:04 | INFO | t3shield | log_requests:49 | GET /api/verified_analyses - 200 - 0.171s
2025-07-03 12:33:05 | INFO | t3shield | log_requests:49 | GET /api/statistics - 200 - 2.356s
2025-07-03 12:33:07 | INFO | t3shield | log_requests:49 | GET /api/statistics - 200 - 2.078s
2025-07-03 12:33:10 | INFO | t3shield | log_requests:49 | GET /api/analyses - 200 - 0.320s
2025-07-03 12:33:10 | INFO | t3shield | log_requests:49 | GET /api/mobility_analyses - 200 - 0.261s
2025-07-03 12:33:10 | INFO | t3shield | log_requests:49 | GET /api/analyses - 200 - 0.328s
2025-07-03 12:33:10 | INFO | t3shield | log_requests:49 | GET /api/verified_analyses - 200 - 0.178s
2025-07-03 12:33:10 | INFO | t3shield | log_requests:49 | GET /api/mobility_analyses - 200 - 0.261s
2025-07-03 12:33:10 | INFO | t3shield | log_requests:49 | GET /api/verified_analyses - 200 - 0.174s
2025-07-03 12:33:11 | INFO | t3shield | log_requests:49 | GET /api/statistics - 200 - 2.103s
2025-07-03 12:33:13 | INFO | t3shield | log_requests:49 | GET /api/statistics - 200 - 2.055s
2025-07-03 12:38:35 | INFO | t3shield | log_requests:49 | GET /api/analyses - 200 - 0.652s
2025-07-03 12:38:35 | INFO | t3shield | log_requests:49 | GET /api/mobility_analyses - 200 - 0.254s
2025-07-03 12:38:36 | INFO | t3shield | log_requests:49 | GET /api/verified_analyses - 200 - 0.175s
2025-07-03 12:38:36 | INFO | t3shield | log_requests:49 | GET /api/analyses - 200 - 0.674s
2025-07-03 12:38:36 | INFO | t3shield | log_requests:49 | GET /api/mobility_analyses - 200 - 0.253s
2025-07-03 12:38:36 | INFO | t3shield | log_requests:49 | GET /api/verified_analyses - 200 - 0.175s
2025-07-03 12:38:37 | INFO | t3shield | log_requests:49 | GET /api/statistics - 200 - 2.791s
2025-07-03 12:38:39 | INFO | t3shield | log_requests:49 | GET /api/statistics - 200 - 2.127s
2025-07-03 12:38:40 | INFO | t3shield | log_requests:49 | GET /api/analyses - 200 - 0.314s
2025-07-03 12:38:40 | INFO | t3shield | log_requests:49 | GET /api/mobility_analyses - 200 - 0.273s
2025-07-03 12:38:40 | INFO | t3shield | log_requests:49 | GET /api/analyses - 200 - 0.329s
2025-07-03 12:38:40 | INFO | t3shield | log_requests:49 | GET /api/verified_analyses - 200 - 0.219s
2025-07-03 12:38:40 | INFO | t3shield | log_requests:49 | GET /api/mobility_analyses - 200 - 0.239s
2025-07-03 12:38:41 | INFO | t3shield | log_requests:49 | GET /api/verified_analyses - 200 - 0.176s
2025-07-03 12:38:42 | INFO | t3shield | log_requests:49 | GET /api/statistics - 200 - 2.142s
2025-07-03 12:38:44 | INFO | t3shield | log_requests:49 | GET /api/statistics - 200 - 2.107s
2025-07-03 12:38:48 | INFO | t3shield | log_requests:49 | GET /api/analyses - 200 - 0.316s
2025-07-03 12:38:48 | INFO | t3shield | log_requests:49 | GET /api/mobility_analyses - 200 - 0.250s
2025-07-03 12:38:48 | INFO | t3shield | log_requests:49 | GET /api/analyses - 200 - 0.316s
2025-07-03 12:38:48 | INFO | t3shield | log_requests:49 | GET /api/verified_analyses - 200 - 0.177s
2025-07-03 12:38:48 | INFO | t3shield | log_requests:49 | GET /api/mobility_analyses - 200 - 0.233s
2025-07-03 12:38:48 | INFO | t3shield | log_requests:49 | GET /api/verified_analyses - 200 - 0.169s
2025-07-03 12:38:49 | INFO | t3shield | log_requests:49 | GET /api/statistics - 200 - 2.079s
2025-07-03 12:38:52 | INFO | t3shield | log_requests:49 | GET /api/statistics - 200 - 2.171s
2025-07-03 12:39:00 | INFO | t3shield | log_requests:49 | GET /api/analyses - 200 - 0.333s
2025-07-03 12:39:00 | INFO | t3shield | log_requests:49 | GET /api/mobility_analyses - 200 - 0.260s
2025-07-03 12:39:00 | INFO | t3shield | log_requests:49 | GET /api/verified_analyses - 200 - 0.193s
2025-07-03 12:39:02 | INFO | t3shield | log_requests:49 | GET /api/statistics - 200 - 2.129s
2025-07-03 12:39:35 | INFO | t3shield | log_requests:49 | GET /api/statistics - 200 - 2.082s
2025-07-03 12:39:37 | INFO | t3shield | log_requests:49 | GET /api/statistics - 200 - 2.076s
2025-07-03 12:40:59 | INFO | t3shield | log_requests:49 | GET /api/statistics - 200 - 2.051s
2025-07-03 12:41:01 | INFO | t3shield | log_requests:49 | GET /api/statistics - 200 - 2.057s
2025-07-03 12:41:10 | INFO | t3shield | log_requests:49 | GET /api/analyses - 200 - 0.318s
2025-07-03 12:41:10 | INFO | t3shield | log_requests:49 | GET /api/mobility_analyses - 200 - 0.235s
2025-07-03 12:41:10 | INFO | t3shield | log_requests:49 | GET /api/analyses - 200 - 0.324s
2025-07-03 12:41:10 | INFO | t3shield | log_requests:49 | GET /api/verified_analyses - 200 - 0.171s
2025-07-03 12:41:10 | INFO | t3shield | log_requests:49 | GET /api/mobility_analyses - 200 - 0.226s
2025-07-03 12:41:10 | INFO | t3shield | log_requests:49 | GET /api/verified_analyses - 200 - 0.171s
2025-07-03 12:41:11 | INFO | t3shield | log_requests:49 | GET /api/statistics - 200 - 2.058s
2025-07-03 12:41:14 | INFO | t3shield | log_requests:49 | GET /api/statistics - 200 - 2.045s
2025-07-03 12:41:15 | INFO | t3shield | log_requests:49 | GET /api/analyses - 200 - 0.315s
2025-07-03 12:41:15 | INFO | t3shield | log_requests:49 | GET /api/mobility_analyses - 200 - 0.235s
2025-07-03 12:41:15 | INFO | t3shield | log_requests:49 | GET /api/analyses - 200 - 0.324s
2025-07-03 12:41:15 | INFO | t3shield | log_requests:49 | GET /api/verified_analyses - 200 - 0.171s
2025-07-03 12:41:15 | INFO | t3shield | log_requests:49 | GET /api/mobility_analyses - 200 - 0.248s
2025-07-03 12:41:16 | INFO | t3shield | log_requests:49 | GET /api/verified_analyses - 200 - 0.172s
2025-07-03 12:41:17 | INFO | t3shield | log_requests:49 | GET /api/statistics - 200 - 2.069s
2025-07-03 12:41:19 | INFO | t3shield | log_requests:49 | GET /api/statistics - 200 - 2.030s
2025-07-03 12:41:22 | INFO | t3shield | log_requests:49 | GET /api/analyses - 200 - 0.306s
2025-07-03 12:41:23 | INFO | t3shield | log_requests:49 | GET /api/mobility_analyses - 200 - 0.238s
2025-07-03 12:41:23 | INFO | t3shield | log_requests:49 | GET /api/verified_analyses - 200 - 0.176s
2025-07-03 12:41:24 | INFO | t3shield | log_requests:49 | GET /api/statistics - 200 - 2.114s
2025-07-03 12:46:38 | INFO | t3shield | log_requests:49 | GET /api/analyses - 200 - 0.313s
2025-07-03 12:46:38 | INFO | t3shield | log_requests:49 | GET /api/analyses - 200 - 0.289s
2025-07-03 12:46:40 | INFO | t3shield | log_requests:49 | GET /api/statistics - 200 - 2.074s
2025-07-03 12:46:42 | INFO | t3shield | log_requests:49 | GET /api/statistics - 200 - 2.160s
2025-07-03 12:47:06 | INFO | t3shield | log_requests:49 | GET /api/statistics - 200 - 2.068s
2025-07-03 12:47:08 | INFO | t3shield | log_requests:49 | GET /api/statistics - 200 - 2.066s
2025-07-03 12:47:11 | INFO | t3shield | log_requests:49 | GET /api/analyses - 200 - 0.334s
2025-07-03 12:47:11 | INFO | t3shield | log_requests:49 | GET /api/analyses - 200 - 0.317s
2025-07-03 12:47:13 | INFO | t3shield | log_requests:49 | GET /api/statistics - 200 - 2.425s
2025-07-03 12:47:16 | INFO | t3shield | log_requests:49 | GET /api/analyses - 200 - 0.703s
2025-07-03 12:47:16 | INFO | t3shield | log_requests:49 | GET /api/statistics - 200 - 3.174s
2025-07-03 12:47:16 | INFO | t3shield | log_requests:49 | GET /api/analyses - 200 - 0.399s
2025-07-03 12:47:19 | INFO | t3shield | log_requests:49 | GET /api/statistics - 200 - 2.381s
2025-07-03 12:47:21 | INFO | t3shield | log_requests:49 | GET /api/statistics - 200 - 2.263s
2025-07-03 12:49:43 | INFO | t3shield | log_requests:49 | GET /api/analyses - 200 - 0.330s
2025-07-03 12:49:44 | INFO | t3shield | log_requests:49 | GET /api/analyses - 200 - 0.337s
2025-07-03 12:49:46 | INFO | t3shield | log_requests:49 | GET /api/statistics - 200 - 2.603s
2025-07-03 12:49:48 | INFO | t3shield | log_requests:49 | GET /api/statistics - 200 - 2.818s
2025-07-03 12:50:03 | INFO | t3shield | log_requests:49 | GET /api/analyses - 200 - 0.314s
2025-07-03 12:50:03 | INFO | t3shield | log_requests:49 | GET /api/analyses - 200 - 0.333s
2025-07-03 12:50:05 | INFO | t3shield | log_requests:49 | GET /api/statistics - 200 - 2.323s
2025-07-03 12:50:07 | INFO | t3shield | log_requests:49 | GET /api/statistics - 200 - 2.510s
2025-07-03 12:51:31 | INFO | t3shield | log_requests:49 | GET /api/statistics - 200 - 2.221s
2025-07-03 12:51:33 | INFO | t3shield | log_requests:49 | GET /api/statistics - 200 - 2.156s
2025-07-03 12:51:34 | INFO | t3shield | log_requests:49 | GET /api/analyses - 200 - 0.305s
2025-07-03 12:51:34 | INFO | t3shield | log_requests:49 | GET /api/analyses - 200 - 0.319s
2025-07-03 12:51:36 | INFO | t3shield | log_requests:49 | GET /api/statistics - 200 - 2.489s
2025-07-03 12:51:37 | INFO | t3shield | log_requests:49 | GET /api/analyses - 200 - 0.365s
2025-07-03 12:51:37 | INFO | t3shield | log_requests:49 | GET /api/analyses - 200 - 0.323s
2025-07-03 12:51:38 | INFO | t3shield | log_requests:49 | GET /api/statistics - 200 - 2.505s
2025-07-03 12:51:40 | INFO | t3shield | log_requests:49 | GET /api/statistics - 200 - 2.174s
2025-07-03 12:51:43 | INFO | t3shield | log_requests:49 | GET /api/statistics - 200 - 2.146s
2025-07-03 12:53:33 | INFO | t3shield | log_requests:50 | GET /api/analyses - 200 - 0.967s
2025-07-03 12:53:33 | INFO | t3shield | log_requests:50 | GET /api/analyses - 200 - 0.294s
2025-07-03 12:53:33 | INFO | t3shield | log_requests:50 | GET /api/mobility_analyses - 200 - 0.599s
2025-07-03 12:53:33 | INFO | t3shield | log_requests:50 | GET /api/verified_analyses - 200 - 0.190s
2025-07-03 12:53:33 | INFO | t3shield | log_requests:50 | GET /api/mobility_analyses - 200 - 0.242s
2025-07-03 12:53:34 | INFO | t3shield | log_requests:50 | GET /api/verified_analyses - 200 - 0.167s
2025-07-03 12:53:34 | INFO | t3shield | log_requests:50 | GET /api/statistics - 200 - 2.815s
2025-07-03 12:53:36 | INFO | t3shield | log_requests:50 | GET /api/statistics - 200 - 2.099s
2025-07-03 12:53:46 | INFO | t3shield | log_requests:50 | GET /api/statistics - 200 - 2.680s
2025-07-03 12:53:48 | INFO | t3shield | log_requests:50 | GET /api/statistics - 200 - 2.390s
2025-07-03 12:53:49 | INFO | t3shield | log_requests:50 | GET /api/analyses - 200 - 0.322s
2025-07-03 12:53:49 | INFO | t3shield | log_requests:50 | GET /api/mobility_analyses - 200 - 0.297s
2025-07-03 12:53:49 | INFO | t3shield | log_requests:50 | GET /api/analyses - 200 - 0.323s
2025-07-03 12:53:49 | INFO | t3shield | log_requests:50 | GET /api/verified_analyses - 200 - 0.182s
2025-07-03 12:53:50 | INFO | t3shield | log_requests:50 | GET /api/mobility_analyses - 200 - 0.312s
2025-07-03 12:53:50 | INFO | t3shield | log_requests:50 | GET /api/verified_analyses - 200 - 0.186s
2025-07-03 12:53:51 | INFO | t3shield | log_requests:50 | GET /api/statistics - 200 - 2.466s
2025-07-03 12:53:53 | INFO | t3shield | log_requests:50 | GET /api/statistics - 200 - 1.981s
2025-07-03 12:53:55 | INFO | t3shield | log_requests:50 | GET /api/analyses - 200 - 0.308s
2025-07-03 12:53:56 | INFO | t3shield | log_requests:50 | GET /api/mobility_analyses - 200 - 0.254s
2025-07-03 12:53:56 | INFO | t3shield | log_requests:50 | GET /api/analyses - 200 - 0.313s
2025-07-03 12:53:56 | INFO | t3shield | log_requests:50 | GET /api/verified_analyses - 200 - 0.166s
2025-07-03 12:53:56 | INFO | t3shield | log_requests:50 | GET /api/mobility_analyses - 200 - 0.283s
2025-07-03 12:53:56 | INFO | t3shield | log_requests:50 | GET /api/verified_analyses - 200 - 0.165s
2025-07-03 12:53:57 | INFO | t3shield | log_requests:50 | GET /api/statistics - 200 - 2.070s
2025-07-03 12:53:59 | INFO | t3shield | log_requests:50 | GET /api/statistics - 200 - 2.072s
2025-07-03 12:56:09 | INFO | t3shield | log_requests:50 | GET /api/analyses - 200 - 0.292s
2025-07-03 12:56:09 | INFO | t3shield | log_requests:50 | GET /api/mobility_analyses - 200 - 0.255s
2025-07-03 12:56:09 | INFO | t3shield | log_requests:50 | GET /api/verified_analyses - 200 - 0.173s
2025-07-03 12:56:11 | INFO | t3shield | log_requests:50 | GET /api/statistics - 200 - 2.082s
2025-07-03 12:56:44 | INFO | t3shield | log_requests:50 | GET /api/analyses - 200 - 0.280s
2025-07-03 12:56:44 | INFO | t3shield | log_requests:50 | GET /api/mobility_analyses - 200 - 0.233s
2025-07-03 12:56:44 | INFO | t3shield | log_requests:50 | GET /api/verified_analyses - 200 - 0.177s
2025-07-03 12:56:46 | INFO | t3shield | log_requests:50 | GET /api/statistics - 200 - 2.042s
2025-07-03 12:57:15 | INFO | t3shield | log_requests:50 | GET /api/analyses - 200 - 0.292s
2025-07-03 12:57:15 | INFO | t3shield | log_requests:50 | GET /api/mobility_analyses - 200 - 0.248s
2025-07-03 12:57:15 | INFO | t3shield | log_requests:50 | GET /api/analyses - 200 - 0.319s
2025-07-03 12:57:16 | INFO | t3shield | log_requests:50 | GET /api/verified_analyses - 200 - 0.198s
2025-07-03 12:57:16 | INFO | t3shield | log_requests:50 | GET /api/mobility_analyses - 200 - 0.266s
2025-07-03 12:57:16 | INFO | t3shield | log_requests:50 | GET /api/verified_analyses - 200 - 0.164s
2025-07-03 12:57:17 | INFO | t3shield | log_requests:50 | GET /api/statistics - 200 - 1.999s
2025-07-03 12:57:19 | INFO | t3shield | log_requests:50 | GET /api/statistics - 200 - 2.001s
2025-07-03 12:57:23 | INFO | t3shield | log_requests:50 | GET /api/analyses - 200 - 0.307s
2025-07-03 12:57:23 | INFO | t3shield | log_requests:50 | GET /api/mobility_analyses - 200 - 0.242s
2025-07-03 12:57:23 | INFO | t3shield | log_requests:50 | GET /api/analyses - 200 - 0.311s
2025-07-03 12:57:23 | INFO | t3shield | log_requests:50 | GET /api/verified_analyses - 200 - 0.163s
2025-07-03 12:57:23 | INFO | t3shield | log_requests:50 | GET /api/mobility_analyses - 200 - 0.260s
2025-07-03 12:57:24 | INFO | t3shield | log_requests:50 | GET /api/verified_analyses - 200 - 0.166s
2025-07-03 12:57:25 | INFO | t3shield | log_requests:50 | GET /api/statistics - 200 - 1.967s
2025-07-03 12:57:26 | INFO | t3shield | log_requests:50 | GET /api/statistics - 200 - 1.969s
2025-07-03 12:58:27 | INFO | t3shield | log_requests:50 | GET /api/mobility_analyses - 200 - 0.242s
2025-07-03 12:59:15 | INFO | t3shield | log_requests:50 | GET /login - 200 - 0.002s
2025-07-03 12:59:29 | INFO | t3shield | log_requests:50 | GET /api/statistics - 200 - 1.904s
2025-07-03 13:02:47 | INFO | t3shield | log_requests:50 | GET /api/mobility_analyses - 200 - 0.245s
2025-07-03 13:03:06 | INFO | t3shield | log_requests:50 | GET /api/statistics - 200 - 2.005s
2025-07-03 13:04:20 | INFO | t3shield | log_requests:50 | GET /api/analyses - 200 - 0.317s
2025-07-03 13:04:20 | INFO | t3shield | log_requests:50 | GET /api/mobility_analyses - 200 - 0.242s
2025-07-03 13:04:20 | INFO | t3shield | log_requests:50 | GET /api/verified_analyses - 200 - 0.168s
2025-07-03 13:04:22 | INFO | t3shield | log_requests:50 | GET /api/statistics - 200 - 2.042s
2025-07-03 13:05:13 | INFO | t3shield | log_requests:50 | GET /api/analyses - 200 - 0.288s
2025-07-03 13:05:13 | INFO | t3shield | log_requests:50 | GET /api/mobility_analyses - 200 - 0.252s
2025-07-03 13:05:13 | INFO | t3shield | log_requests:50 | GET /api/analyses - 200 - 0.277s
2025-07-03 13:05:13 | INFO | t3shield | log_requests:50 | GET /api/verified_analyses - 200 - 0.169s
2025-07-03 13:05:13 | INFO | t3shield | log_requests:50 | GET /api/mobility_analyses - 200 - 0.242s
2025-07-03 13:05:14 | INFO | t3shield | log_requests:50 | GET /api/verified_analyses - 200 - 0.166s
2025-07-03 13:05:15 | INFO | t3shield | log_requests:50 | GET /api/statistics - 200 - 2.048s
2025-07-03 13:05:17 | INFO | t3shield | log_requests:50 | GET /api/statistics - 200 - 2.098s
2025-07-03 13:05:24 | INFO | t3shield | log_requests:50 | GET /api/statistics - 200 - 2.015s
2025-07-03 13:05:26 | INFO | t3shield | log_requests:50 | GET /api/statistics - 200 - 2.059s
2025-07-03 13:06:07 | INFO | t3shield | log_requests:50 | GET /api/analyses - 200 - 0.406s
2025-07-03 13:06:07 | INFO | t3shield | log_requests:50 | GET /api/mobility_analyses - 200 - 0.303s
2025-07-03 13:06:07 | INFO | t3shield | log_requests:50 | GET /api/analyses - 200 - 0.318s
2025-07-03 13:06:07 | INFO | t3shield | log_requests:50 | GET /api/verified_analyses - 200 - 0.173s
2025-07-03 13:06:07 | INFO | t3shield | log_requests:50 | GET /api/mobility_analyses - 200 - 0.251s
2025-07-03 13:06:07 | INFO | t3shield | log_requests:50 | GET /api/verified_analyses - 200 - 0.165s
2025-07-03 13:06:08 | INFO | t3shield | log_requests:50 | GET /api/statistics - 200 - 2.081s
2025-07-03 13:06:10 | INFO | t3shield | log_requests:50 | GET /api/statistics - 200 - 2.046s
2025-07-03 13:06:15 | INFO | t3shield | log_requests:50 | GET /api/analyses - 200 - 0.297s
2025-07-03 13:06:16 | INFO | t3shield | log_requests:50 | GET /api/analyses - 200 - 0.243s
2025-07-03 13:06:16 | INFO | t3shield | log_requests:50 | GET /api/mobility_analyses - 200 - 0.281s
2025-07-03 13:06:16 | INFO | t3shield | log_requests:50 | GET /api/verified_analyses - 200 - 0.189s
2025-07-03 13:06:16 | INFO | t3shield | log_requests:50 | GET /api/mobility_analyses - 200 - 0.245s
2025-07-03 13:06:16 | INFO | t3shield | log_requests:50 | GET /api/verified_analyses - 200 - 0.166s
2025-07-03 13:06:17 | INFO | t3shield | log_requests:50 | GET /api/statistics - 200 - 2.090s
2025-07-03 13:06:19 | INFO | t3shield | log_requests:50 | GET /api/statistics - 200 - 2.008s
2025-07-03 13:06:29 | INFO | t3shield | log_requests:50 | GET /api/analyses - 200 - 0.306s
2025-07-03 13:06:29 | INFO | t3shield | log_requests:50 | GET /api/mobility_analyses - 200 - 0.229s
2025-07-03 13:06:29 | INFO | t3shield | log_requests:50 | GET /api/analyses - 200 - 0.245s
2025-07-03 13:06:30 | INFO | t3shield | log_requests:50 | GET /api/verified_analyses - 200 - 0.163s
2025-07-03 13:06:30 | INFO | t3shield | log_requests:50 | GET /api/mobility_analyses - 200 - 0.227s
2025-07-03 13:06:30 | INFO | t3shield | log_requests:50 | GET /api/verified_analyses - 200 - 0.163s
2025-07-03 13:06:31 | INFO | t3shield | log_requests:50 | GET /api/statistics - 200 - 1.991s
2025-07-03 13:06:33 | INFO | t3shield | log_requests:50 | GET /api/statistics - 200 - 2.024s
2025-07-03 13:06:44 | INFO | t3shield | log_requests:50 | GET /api/statistics - 200 - 2.010s
2025-07-03 13:06:46 | INFO | t3shield | log_requests:50 | GET /api/statistics - 200 - 2.010s
2025-07-03 13:09:11 | INFO | t3shield | log_requests:50 | GET /api/verified_analyses - 200 - 0.169s
2025-07-03 13:09:11 | INFO | t3shield | log_requests:50 | GET /api/mobility_analyses - 200 - 0.222s
2025-07-03 13:09:11 | INFO | t3shield | log_requests:50 | GET /api/analyses - 200 - 0.268s
2025-07-03 13:09:12 | INFO | t3shield | log_requests:50 | GET /api/mobility_analyses - 200 - 0.234s
2025-07-03 13:09:12 | INFO | t3shield | log_requests:50 | GET /api/analyses - 200 - 0.267s
2025-07-03 13:09:12 | INFO | t3shield | log_requests:50 | GET /api/verified_analyses - 200 - 0.550s
2025-07-03 13:09:13 | INFO | t3shield | log_requests:50 | GET /api/statistics - 200 - 2.075s
2025-07-03 13:09:16 | INFO | t3shield | log_requests:50 | GET /api/statistics - 200 - 2.056s
2025-07-03 13:09:42 | INFO | t3shield | log_requests:50 | GET /api/statistics - 200 - 2.040s
2025-07-03 13:09:44 | INFO | t3shield | log_requests:50 | GET /api/statistics - 200 - 2.109s
2025-07-03 13:11:13 | INFO | t3shield | log_requests:50 | GET /api/statistics - 200 - 2.089s
2025-07-03 13:11:15 | INFO | t3shield | log_requests:50 | GET /api/statistics - 200 - 2.079s
2025-07-03 13:13:01 | INFO | t3shield | log_requests:50 | GET /api/statistics - 200 - 2.109s
2025-07-03 13:13:03 | INFO | t3shield | log_requests:50 | GET /api/statistics - 200 - 2.093s
2025-07-03 13:15:24 | INFO | t3shield | log_requests:50 | GET /api/statistics - 200 - 2.023s
2025-07-03 13:15:26 | INFO | t3shield | log_requests:50 | GET /api/statistics - 200 - 2.026s
2025-07-03 13:15:51 | INFO | t3shield | log_requests:50 | GET /api/analyses - 200 - 0.315s
2025-07-03 13:15:51 | INFO | t3shield | log_requests:50 | GET /api/mobility_analyses - 200 - 0.250s
2025-07-03 13:15:51 | INFO | t3shield | log_requests:50 | GET /api/analyses - 200 - 0.303s
2025-07-03 13:15:51 | INFO | t3shield | log_requests:50 | GET /api/verified_analyses - 200 - 0.167s
2025-07-03 13:15:51 | INFO | t3shield | log_requests:50 | GET /api/mobility_analyses - 200 - 0.242s
2025-07-03 13:15:51 | INFO | t3shield | log_requests:50 | GET /api/verified_analyses - 200 - 0.165s
2025-07-03 13:15:52 | INFO | t3shield | log_requests:50 | GET /api/statistics - 200 - 2.048s
2025-07-03 13:15:54 | INFO | t3shield | log_requests:50 | GET /api/statistics - 200 - 2.067s
2025-07-03 13:20:01 | INFO | t3shield | log_requests:50 | GET /api/analyses - 200 - 0.317s
2025-07-03 13:20:01 | INFO | t3shield | log_requests:50 | GET /api/mobility_analyses - 200 - 0.244s
2025-07-03 13:20:01 | INFO | t3shield | log_requests:50 | GET /api/analyses - 200 - 0.313s
2025-07-03 13:20:01 | INFO | t3shield | log_requests:50 | GET /api/verified_analyses - 200 - 0.177s
2025-07-03 13:20:02 | INFO | t3shield | log_requests:50 | GET /api/mobility_analyses - 200 - 0.231s
2025-07-03 13:20:02 | INFO | t3shield | log_requests:50 | GET /api/verified_analyses - 200 - 0.166s
2025-07-03 13:20:03 | INFO | t3shield | log_requests:50 | GET /api/statistics - 200 - 2.043s
2025-07-03 13:20:05 | INFO | t3shield | log_requests:50 | GET /api/statistics - 200 - 2.059s
2025-07-03 13:24:11 | INFO | t3shield | log_requests:50 | GET /api/analyses - 200 - 0.309s
2025-07-03 13:24:12 | INFO | t3shield | log_requests:50 | GET /api/mobility_analyses - 200 - 0.243s
2025-07-03 13:24:12 | INFO | t3shield | log_requests:50 | GET /api/analyses - 200 - 0.319s
2025-07-03 13:24:12 | INFO | t3shield | log_requests:50 | GET /api/verified_analyses - 200 - 0.176s
2025-07-03 13:24:12 | INFO | t3shield | log_requests:50 | GET /api/mobility_analyses - 200 - 0.222s
2025-07-03 13:24:12 | INFO | t3shield | log_requests:50 | GET /api/verified_analyses - 200 - 0.163s
2025-07-03 13:24:13 | INFO | t3shield | log_requests:50 | GET /api/statistics - 200 - 1.967s
2025-07-03 13:24:15 | INFO | t3shield | log_requests:50 | GET /api/statistics - 200 - 2.083s
2025-07-03 13:24:19 | INFO | t3shield | log_requests:50 | GET /api/statistics - 200 - 2.000s
2025-07-03 13:24:21 | INFO | t3shield | log_requests:50 | GET /api/statistics - 200 - 2.149s
2025-07-03 13:45:11 | INFO | t3shield | log_requests:50 | GET /api/statistics - 200 - 2.088s
2025-07-03 13:45:13 | INFO | t3shield | log_requests:50 | GET /api/statistics - 200 - 2.119s
2025-07-03 13:45:20 | INFO | t3shield | log_requests:50 | GET /api/analyses - 200 - 0.300s
2025-07-03 13:45:20 | INFO | t3shield | log_requests:50 | GET /api/mobility_analyses - 200 - 0.239s
2025-07-03 13:45:21 | INFO | t3shield | log_requests:50 | GET /api/analyses - 200 - 0.308s
2025-07-03 13:45:21 | INFO | t3shield | log_requests:50 | GET /api/verified_analyses - 200 - 0.177s
2025-07-03 13:45:21 | INFO | t3shield | log_requests:50 | GET /api/mobility_analyses - 200 - 0.250s
2025-07-03 13:45:21 | INFO | t3shield | log_requests:50 | GET /api/verified_analyses - 200 - 0.170s
2025-07-03 13:45:22 | INFO | t3shield | log_requests:50 | GET /api/statistics - 200 - 2.077s
2025-07-03 13:45:24 | INFO | t3shield | log_requests:50 | GET /api/statistics - 200 - 2.008s
2025-07-03 13:49:24 | INFO | t3shield | log_requests:50 | GET /api/analyses - 200 - 0.308s
2025-07-03 13:49:25 | INFO | t3shield | log_requests:50 | GET /api/mobility_analyses - 200 - 0.260s
2025-07-03 13:49:25 | INFO | t3shield | log_requests:50 | GET /api/analyses - 200 - 0.358s
2025-07-03 13:49:25 | INFO | t3shield | log_requests:50 | GET /api/verified_analyses - 200 - 0.167s
2025-07-03 13:49:25 | INFO | t3shield | log_requests:50 | GET /api/mobility_analyses - 200 - 0.245s
2025-07-03 13:49:25 | INFO | t3shield | log_requests:50 | GET /api/verified_analyses - 200 - 0.165s
2025-07-03 13:49:26 | INFO | t3shield | log_requests:50 | GET /api/statistics - 200 - 2.005s
2025-07-03 13:49:28 | INFO | t3shield | log_requests:50 | GET /api/statistics - 200 - 1.995s
2025-07-03 13:49:39 | INFO | t3shield | log_requests:50 | GET /static/js/map.js - 304 - 0.006s
2025-07-03 13:49:40 | INFO | t3shield | get_arefs:2801 | Found 13 AREFs
2025-07-03 13:49:40 | INFO | t3shield | get_villes:2912 | Found 83 Villes
2025-07-03 13:49:40 | INFO | t3shield | get_dps:2855 | Found 83 DPs
2025-07-03 13:49:40 | INFO | t3shield | log_requests:50 | GET /t3shield/api/get_villes - 200 - 1.319s
2025-07-03 13:49:40 | INFO | t3shield | log_requests:50 | GET /t3shield/api/get_arefs - 200 - 1.331s
2025-07-03 13:49:40 | INFO | t3shield | log_requests:50 | GET /t3shield/api/get_dps - 200 - 1.351s
2025-07-03 13:49:40 | INFO | t3shield | get_lycees:2974 | Found 803 Lycees
2025-07-03 13:49:40 | INFO | t3shield | log_requests:50 | GET /t3shield/api/get_lycees - 200 - 1.454s
2025-07-03 13:49:40 | INFO | t3shield | log_requests:50 | GET /api/verified_analyses - 200 - 0.165s
2025-07-03 13:49:40 | INFO | t3shield | log_requests:50 | GET /api/mobility_analyses - 200 - 0.219s
2025-07-03 13:49:40 | INFO | t3shield | log_requests:50 | GET /api/analyses - 200 - 0.238s
2025-07-03 13:49:41 | INFO | t3shield | log_requests:50 | GET /api/verified_analyses - 200 - 0.165s
2025-07-03 13:49:41 | INFO | t3shield | log_requests:50 | GET /api/mobility_analyses - 200 - 0.239s
2025-07-03 13:49:41 | INFO | t3shield | log_requests:50 | GET /api/analyses - 200 - 0.247s
2025-07-03 13:49:42 | INFO | t3shield | log_requests:50 | GET /t3shield/api/geojson/regions - 200 - 1.601s
2025-07-03 13:49:49 | INFO | t3shield | log_requests:50 | GET /t3shield/api/geojson/provinces - 200 - 6.727s
2025-07-03 13:49:50 | INFO | t3shield | log_requests:50 | GET /api/verified_analyses - 200 - 0.174s
2025-07-03 13:49:50 | INFO | t3shield | log_requests:50 | GET /api/mobility_analyses - 200 - 0.254s
2025-07-03 13:49:50 | INFO | t3shield | log_requests:50 | GET /api/analyses - 200 - 0.321s
2025-07-03 13:50:38 | INFO | t3shield | log_requests:50 | GET /api/statistics - 200 - 1.990s
2025-07-03 13:50:40 | INFO | t3shield | log_requests:50 | GET /api/statistics - 200 - 2.011s
2025-07-03 13:50:53 | INFO | t3shield | log_requests:50 | POST /t3shield/login - 200 - 0.396s
2025-07-03 13:50:53 | INFO | t3shield | log_requests:50 | GET /t3shield/api/current-user - 200 - 0.168s
2025-07-03 13:50:55 | INFO | t3shield | get_dps:2855 | Found 83 DPs
2025-07-03 13:50:55 | INFO | t3shield | get_arefs:2801 | Found 13 AREFs
2025-07-03 13:50:55 | INFO | t3shield | get_villes:2912 | Found 83 Villes
2025-07-03 13:50:55 | INFO | t3shield | log_requests:50 | GET /t3shield/api/get_dps - 200 - 1.436s
2025-07-03 13:50:55 | INFO | t3shield | log_requests:50 | GET /t3shield/api/get_arefs - 200 - 1.438s
2025-07-03 13:50:55 | INFO | t3shield | log_requests:50 | GET /t3shield/api/get_villes - 200 - 1.447s
2025-07-03 13:50:55 | INFO | t3shield | get_lycees:2974 | Found 803 Lycees
2025-07-03 13:50:55 | INFO | t3shield | log_requests:50 | GET /t3shield/api/get_lycees - 200 - 1.606s
2025-07-03 13:50:55 | INFO | t3shield | log_requests:50 | GET /api/verified_analyses - 200 - 0.329s
2025-07-03 13:50:55 | INFO | t3shield | log_requests:50 | GET /api/mobility_analyses - 200 - 0.386s
2025-07-03 13:50:55 | INFO | t3shield | log_requests:50 | GET /api/analyses - 200 - 0.415s
2025-07-03 13:50:56 | INFO | t3shield | log_requests:50 | GET /api/verified_analyses - 200 - 0.332s
2025-07-03 13:50:56 | INFO | t3shield | log_requests:50 | GET /api/mobility_analyses - 200 - 0.407s
2025-07-03 13:50:56 | INFO | t3shield | log_requests:50 | GET /api/analyses - 200 - 0.429s
2025-07-03 13:50:57 | INFO | t3shield | log_requests:50 | GET /t3shield/api/geojson/regions - 200 - 1.438s
2025-07-03 13:51:04 | INFO | t3shield | log_requests:50 | GET /t3shield/api/geojson/provinces - 200 - 7.132s
2025-07-03 13:51:04 | INFO | t3shield | log_requests:50 | GET /statistiques - 200 - 0.009s
2025-07-03 13:51:04 | INFO | t3shield | log_requests:50 | GET /js/stats-data-refined.js - 304 - 0.007s
2025-07-03 13:51:04 | INFO | t3shield | log_requests:50 | GET /t3shield/api/current-user - 200 - 0.174s
2025-07-03 13:51:05 | INFO | t3shield | get_villes:2912 | Found 83 Villes
2025-07-03 13:51:06 | INFO | t3shield | get_arefs:2801 | Found 13 AREFs
2025-07-03 13:51:06 | INFO | t3shield | get_dps:2855 | Found 83 DPs
2025-07-03 13:51:06 | INFO | t3shield | log_requests:50 | GET /t3shield/api/get_villes - 200 - 1.433s
2025-07-03 13:51:06 | INFO | t3shield | log_requests:50 | GET /t3shield/api/get_dps - 200 - 1.464s
2025-07-03 13:51:06 | INFO | t3shield | log_requests:50 | GET /t3shield/api/get_arefs - 200 - 1.466s
2025-07-03 13:51:06 | INFO | t3shield | get_lycees:2974 | Found 803 Lycees
2025-07-03 13:51:06 | INFO | t3shield | log_requests:50 | GET /t3shield/api/get_lycees - 200 - 1.601s
2025-07-03 13:51:06 | INFO | t3shield | log_requests:50 | GET /api/verified_analyses - 200 - 0.348s
2025-07-03 13:51:06 | INFO | t3shield | log_requests:50 | GET /api/mobility_analyses - 200 - 0.395s
2025-07-03 13:51:06 | INFO | t3shield | log_requests:50 | GET /api/analyses - 200 - 0.419s
2025-07-03 13:51:08 | INFO | t3shield | log_requests:50 | GET /api/statistics - 200 - 2.056s
2025-07-03 13:51:13 | INFO | t3shield | log_requests:50 | GET /api/verified_analyses - 200 - 0.331s
2025-07-03 13:51:13 | INFO | t3shield | log_requests:50 | GET /api/mobility_analyses - 200 - 0.390s
2025-07-03 13:51:13 | INFO | t3shield | log_requests:50 | GET /api/analyses - 200 - 0.403s
2025-07-03 13:51:13 | INFO | t3shield | log_requests:50 | GET /api/verified_analyses - 200 - 0.328s
2025-07-03 13:51:13 | INFO | t3shield | log_requests:50 | GET /api/mobility_analyses - 200 - 0.401s
2025-07-03 13:51:13 | INFO | t3shield | log_requests:50 | GET /api/analyses - 200 - 0.390s
2025-07-03 13:51:15 | INFO | t3shield | log_requests:50 | GET /api/statistics - 200 - 2.342s
2025-07-03 13:51:18 | INFO | t3shield | log_requests:50 | GET /api/statistics - 200 - 2.388s
2025-07-03 14:05:37 | INFO | t3shield | log_requests:50 | GET /api/analyses - 200 - 0.650s
2025-07-03 14:05:37 | INFO | t3shield | log_requests:50 | GET /api/mobility_analyses - 200 - 0.238s
2025-07-03 14:05:37 | INFO | t3shield | log_requests:50 | GET /api/analyses - 200 - 0.303s
2025-07-03 14:05:37 | INFO | t3shield | log_requests:50 | GET /api/verified_analyses - 200 - 0.172s
2025-07-03 14:05:37 | INFO | t3shield | log_requests:50 | GET /api/mobility_analyses - 200 - 0.239s
2025-07-03 14:05:38 | INFO | t3shield | log_requests:50 | GET /api/verified_analyses - 200 - 0.173s
2025-07-03 14:05:39 | INFO | t3shield | log_requests:50 | GET /api/statistics - 200 - 2.723s
2025-07-03 14:05:41 | INFO | t3shield | log_requests:50 | GET /api/statistics - 200 - 2.054s
2025-07-03 14:05:59 | INFO | t3shield | log_requests:50 | GET /api/analyses - 200 - 0.314s
2025-07-03 14:06:00 | INFO | t3shield | log_requests:50 | GET /api/mobility_analyses - 200 - 0.238s
2025-07-03 14:06:00 | INFO | t3shield | log_requests:50 | GET /api/analyses - 200 - 0.320s
2025-07-03 14:06:00 | INFO | t3shield | log_requests:50 | GET /api/verified_analyses - 200 - 0.172s
2025-07-03 14:06:00 | INFO | t3shield | log_requests:50 | GET /api/mobility_analyses - 200 - 0.235s
2025-07-03 14:06:00 | INFO | t3shield | log_requests:50 | GET /api/verified_analyses - 200 - 0.165s
2025-07-03 14:06:01 | INFO | t3shield | log_requests:50 | GET /api/statistics - 200 - 2.050s
2025-07-03 14:06:02 | INFO | t3shield | log_requests:50 | GET /api/analyses - 200 - 0.332s
2025-07-03 14:06:02 | INFO | t3shield | log_requests:50 | GET /api/mobility_analyses - 200 - 0.237s
2025-07-03 14:06:02 | INFO | t3shield | log_requests:50 | GET /api/analyses - 200 - 0.304s
2025-07-03 14:06:03 | INFO | t3shield | log_requests:50 | GET /api/verified_analyses - 200 - 0.166s
2025-07-03 14:06:03 | INFO | t3shield | log_requests:50 | GET /api/mobility_analyses - 200 - 0.239s
2025-07-03 14:06:03 | INFO | t3shield | log_requests:50 | GET /api/verified_analyses - 200 - 0.165s
2025-07-03 14:06:03 | INFO | t3shield | log_requests:50 | GET /api/statistics - 200 - 2.034s
2025-07-03 14:06:05 | INFO | t3shield | log_requests:50 | GET /api/statistics - 200 - 2.016s
2025-07-03 14:06:07 | INFO | t3shield | log_requests:50 | GET /api/statistics - 200 - 2.083s
2025-07-03 14:10:17 | INFO | t3shield | log_requests:50 | GET /api/statistics - 200 - 2.543s
2025-07-03 14:10:19 | INFO | t3shield | log_requests:50 | GET /api/statistics - 200 - 2.106s
2025-07-03 14:11:43 | INFO | t3shield | log_requests:50 | GET /api/verified_analyses - 200 - 0.333s
2025-07-03 14:11:43 | INFO | t3shield | log_requests:50 | GET /api/analyses - 200 - 0.384s
2025-07-03 14:11:43 | INFO | t3shield | log_requests:50 | GET /api/mobility_analyses - 200 - 0.387s
2025-07-03 14:11:43 | INFO | t3shield | log_requests:50 | GET /api/verified_analyses - 200 - 0.344s
2025-07-03 14:11:43 | INFO | t3shield | log_requests:50 | GET /api/mobility_analyses - 200 - 0.384s
2025-07-03 14:11:43 | INFO | t3shield | log_requests:50 | GET /api/analyses - 200 - 0.414s
2025-07-03 14:11:45 | INFO | t3shield | log_requests:50 | GET /api/statistics - 200 - 2.223s
2025-07-03 14:11:48 | INFO | t3shield | log_requests:50 | GET /api/statistics - 200 - 2.229s
2025-07-03 14:13:42 | INFO | t3shield | log_requests:50 | GET /api/statistics - 200 - 2.056s
2025-07-03 14:13:44 | INFO | t3shield | log_requests:50 | GET /api/statistics - 200 - 2.100s
2025-07-03 14:15:42 | INFO | t3shield | log_requests:50 | GET /api/statistics - 200 - 2.040s
2025-07-03 14:15:44 | INFO | t3shield | log_requests:50 | GET /api/statistics - 200 - 2.097s
2025-07-03 14:21:40 | INFO | t3shield | log_requests:50 | GET /api/statistics - 200 - 2.245s
2025-07-03 14:21:42 | INFO | t3shield | log_requests:50 | GET /api/statistics - 200 - 2.191s
2025-07-03 14:25:52 | INFO | t3shield | log_requests:50 | GET /api/statistics - 200 - 2.308s
2025-07-03 14:25:54 | INFO | t3shield | log_requests:50 | GET /api/statistics - 200 - 2.261s
2025-07-03 14:26:14 | INFO | t3shield | log_requests:50 | GET /api/analyses - 200 - 0.308s
2025-07-03 14:26:15 | INFO | t3shield | log_requests:50 | GET /api/mobility_analyses - 200 - 0.227s
2025-07-03 14:26:15 | INFO | t3shield | log_requests:50 | GET /api/analyses - 200 - 0.323s
2025-07-03 14:26:15 | INFO | t3shield | log_requests:50 | GET /api/verified_analyses - 200 - 0.189s
2025-07-03 14:26:15 | INFO | t3shield | log_requests:50 | GET /api/mobility_analyses - 200 - 0.250s
2025-07-03 14:26:15 | INFO | t3shield | log_requests:50 | GET /api/verified_analyses - 200 - 0.180s
2025-07-03 14:26:16 | INFO | t3shield | log_requests:50 | GET /api/statistics - 200 - 2.148s
2025-07-03 14:26:18 | INFO | t3shield | log_requests:50 | GET /api/statistics - 200 - 2.062s
2025-07-03 14:26:28 | INFO | t3shield | log_requests:50 | GET /api/analyses - 200 - 0.317s
2025-07-03 14:26:28 | INFO | t3shield | log_requests:50 | GET /api/mobility_analyses - 200 - 0.238s
2025-07-03 14:26:28 | INFO | t3shield | log_requests:50 | GET /api/analyses - 200 - 0.329s
2025-07-03 14:26:28 | INFO | t3shield | log_requests:50 | GET /api/verified_analyses - 200 - 0.217s
2025-07-03 14:26:28 | INFO | t3shield | log_requests:50 | GET /api/mobility_analyses - 200 - 0.277s
2025-07-03 14:26:28 | INFO | t3shield | log_requests:50 | GET /api/verified_analyses - 200 - 0.186s
2025-07-03 14:26:29 | INFO | t3shield | log_requests:50 | GET /api/statistics - 200 - 2.123s
2025-07-03 14:26:32 | INFO | t3shield | log_requests:50 | GET /api/statistics - 200 - 2.090s
2025-07-03 14:26:34 | INFO | t3shield | log_requests:50 | GET /api/analyses - 200 - 0.324s
2025-07-03 14:26:34 | INFO | t3shield | log_requests:50 | GET /api/mobility_analyses - 200 - 0.233s
2025-07-03 14:26:34 | INFO | t3shield | log_requests:50 | GET /api/analyses - 200 - 0.303s
2025-07-03 14:26:34 | INFO | t3shield | log_requests:50 | GET /api/verified_analyses - 200 - 0.185s
2025-07-03 14:26:35 | INFO | t3shield | log_requests:50 | GET /api/mobility_analyses - 200 - 0.265s
2025-07-03 14:26:35 | INFO | t3shield | log_requests:50 | GET /api/verified_analyses - 200 - 0.179s
2025-07-03 14:26:36 | INFO | t3shield | log_requests:50 | GET /api/statistics - 200 - 2.129s
2025-07-03 14:26:38 | INFO | t3shield | log_requests:50 | GET /api/statistics - 200 - 2.084s
2025-07-03 14:26:40 | INFO | t3shield | log_requests:50 | GET /api/statistics - 200 - 2.135s
2025-07-03 14:26:42 | INFO | t3shield | log_requests:50 | GET /api/statistics - 200 - 2.067s
2025-07-03 14:27:07 | INFO | t3shield | log_requests:50 | GET /api/statistics - 200 - 2.082s
2025-07-03 14:27:09 | INFO | t3shield | log_requests:50 | GET /api/statistics - 200 - 2.102s
2025-07-03 14:27:37 | INFO | t3shield | log_requests:50 | GET /api/statistics - 200 - 2.144s
2025-07-03 14:27:39 | INFO | t3shield | log_requests:50 | GET /api/statistics - 200 - 2.112s
2025-07-03 14:27:55 | INFO | t3shield | log_requests:50 | GET /statistiques - 200 - 0.003s
2025-07-03 14:27:55 | INFO | t3shield | log_requests:50 | GET /favicon.ico - 200 - 0.003s
2025-07-03 14:27:55 | INFO | t3shield | log_requests:50 | GET /t3shield/api/current-user - 200 - 0.198s
2025-07-03 14:27:57 | INFO | t3shield | get_dps:2855 | Found 83 DPs
2025-07-03 14:27:57 | INFO | t3shield | get_arefs:2801 | Found 13 AREFs
2025-07-03 14:27:57 | INFO | t3shield | get_villes:2912 | Found 83 Villes
2025-07-03 14:27:57 | INFO | t3shield | log_requests:50 | GET /t3shield/api/get_dps - 200 - 1.504s
2025-07-03 14:27:57 | INFO | t3shield | log_requests:50 | GET /t3shield/api/get_arefs - 200 - 1.517s
2025-07-03 14:27:57 | INFO | t3shield | log_requests:50 | GET /t3shield/api/get_villes - 200 - 1.511s
2025-07-03 14:27:57 | INFO | t3shield | get_lycees:2974 | Found 803 Lycees
2025-07-03 14:27:57 | INFO | t3shield | log_requests:50 | GET /t3shield/api/get_lycees - 200 - 1.679s
2025-07-03 14:27:57 | INFO | t3shield | log_requests:50 | GET /api/verified_analyses - 200 - 0.335s
2025-07-03 14:27:57 | INFO | t3shield | log_requests:50 | GET /api/mobility_analyses - 200 - 0.402s
2025-07-03 14:27:57 | INFO | t3shield | log_requests:50 | GET /api/analyses - 200 - 0.423s
2025-07-03 14:28:00 | INFO | t3shield | log_requests:50 | GET /api/statistics - 200 - 2.104s
2025-07-03 14:28:03 | INFO | t3shield | log_requests:50 | GET /api/verified_analyses - 200 - 0.340s
2025-07-03 14:28:03 | INFO | t3shield | log_requests:50 | GET /api/mobility_analyses - 200 - 0.405s
2025-07-03 14:28:03 | INFO | t3shield | log_requests:50 | GET /api/analyses - 200 - 0.411s
2025-07-03 14:28:06 | INFO | t3shield | log_requests:50 | GET /api/statistics - 200 - 2.483s
2025-07-03 14:28:12 | INFO | t3shield | log_requests:50 | GET /api/statistics - 200 - 2.047s
2025-07-03 14:28:14 | INFO | t3shield | log_requests:50 | GET /api/statistics - 200 - 2.067s
2025-07-03 14:28:16 | INFO | t3shield | log_requests:50 | GET /api/statistics - 200 - 2.129s
2025-07-03 14:28:16 | INFO | t3shield | log_requests:50 | GET /api/statistics - 200 - 2.214s
2025-07-03 14:28:52 | INFO | t3shield | log_requests:50 | GET /api/statistics - 200 - 2.112s
2025-07-03 14:28:54 | INFO | t3shield | log_requests:50 | GET /api/statistics - 200 - 2.107s
2025-07-03 14:32:31 | INFO | t3shield | log_requests:50 | GET /api/statistics - 200 - 2.059s
2025-07-03 14:32:33 | INFO | t3shield | log_requests:50 | GET /api/statistics - 200 - 2.107s
2025-07-03 14:32:59 | INFO | t3shield | log_requests:50 | GET /api/statistics - 200 - 2.124s
2025-07-03 14:33:01 | INFO | t3shield | log_requests:50 | GET /api/statistics - 200 - 2.075s
2025-07-03 14:33:39 | INFO | t3shield | log_requests:50 | GET /api/analyses - 200 - 0.338s
2025-07-03 14:33:39 | INFO | t3shield | log_requests:50 | GET /api/mobility_analyses - 200 - 0.242s
2025-07-03 14:33:39 | INFO | t3shield | log_requests:50 | GET /api/analyses - 200 - 0.323s
2025-07-03 14:33:39 | INFO | t3shield | log_requests:50 | GET /api/verified_analyses - 200 - 0.183s
2025-07-03 14:33:39 | INFO | t3shield | log_requests:50 | GET /api/mobility_analyses - 200 - 0.255s
2025-07-03 14:33:40 | INFO | t3shield | log_requests:50 | GET /api/verified_analyses - 200 - 0.169s
2025-07-03 14:33:41 | INFO | t3shield | log_requests:50 | GET /api/statistics - 200 - 2.161s
2025-07-03 14:33:43 | INFO | t3shield | log_requests:50 | GET /api/statistics - 200 - 2.146s
2025-07-03 14:33:48 | INFO | t3shield | log_requests:50 | GET /api/statistics - 200 - 2.086s
2025-07-03 14:33:50 | INFO | t3shield | log_requests:50 | GET /api/statistics - 200 - 2.085s
2025-07-03 14:37:50 | INFO | t3shield | log_requests:50 | GET /api/statistics - 200 - 2.147s
2025-07-03 14:37:52 | INFO | t3shield | log_requests:50 | GET /api/statistics - 200 - 2.077s
2025-07-03 14:37:58 | INFO | t3shield | log_requests:50 | GET /api/analyses - 200 - 0.337s
2025-07-03 14:37:59 | INFO | t3shield | log_requests:50 | GET /api/mobility_analyses - 200 - 0.261s
2025-07-03 14:37:59 | INFO | t3shield | log_requests:50 | GET /api/analyses - 200 - 0.321s
2025-07-03 14:37:59 | INFO | t3shield | log_requests:50 | GET /api/verified_analyses - 200 - 0.171s
2025-07-03 14:37:59 | INFO | t3shield | log_requests:50 | GET /api/mobility_analyses - 200 - 0.249s
2025-07-03 14:37:59 | INFO | t3shield | log_requests:50 | GET /api/verified_analyses - 200 - 0.168s
2025-07-03 14:38:00 | INFO | t3shield | log_requests:50 | GET /api/statistics - 200 - 2.184s
2025-07-03 14:38:02 | INFO | t3shield | log_requests:50 | GET /api/statistics - 200 - 2.218s
2025-07-03 14:38:07 | INFO | t3shield | log_requests:50 | GET /api/statistics - 200 - 2.181s
2025-07-03 14:38:09 | INFO | t3shield | log_requests:50 | GET /api/statistics - 200 - 2.184s
2025-07-03 14:46:10 | INFO | t3shield | log_requests:50 | GET /api/statistics - 200 - 3.180s
2025-07-03 14:46:14 | INFO | t3shield | log_requests:50 | GET /api/statistics - 200 - 3.099s
2025-07-03 17:32:35 | INFO | t3shield | log_requests:50 | GET /api/statistics - 200 - 3.969s
2025-07-03 17:32:38 | INFO | t3shield | log_requests:50 | GET /api/statistics - 200 - 3.079s
2025-07-03 17:32:40 | INFO | t3shield | log_requests:50 | GET /api/statistics - 200 - 3.465s
2025-07-03 17:36:11 | INFO | t3shield | log_requests:50 | GET /api/statistics - 200 - 3.351s
2025-07-03 17:36:14 | INFO | t3shield | log_requests:50 | GET /api/statistics - 200 - 2.728s
2025-07-03 17:36:29 | INFO | t3shield | log_requests:50 | GET /api/statistics - 200 - 3.081s
2025-07-03 17:36:30 | INFO | t3shield | log_requests:50 | GET /api/statistics - 200 - 3.457s
2025-07-03 17:36:35 | INFO | t3shield | log_requests:50 | GET /api/statistics - 200 - 3.636s
2025-07-03 17:37:31 | INFO | t3shield | log_requests:50 | GET /api/analyses - 200 - 0.413s
2025-07-03 17:37:31 | INFO | t3shield | log_requests:50 | GET /api/analyses - 200 - 0.334s
2025-07-03 17:37:31 | INFO | t3shield | log_requests:50 | GET /api/mobility_analyses - 200 - 0.803s
2025-07-03 17:37:32 | INFO | t3shield | log_requests:50 | GET /api/verified_analyses - 200 - 0.273s
2025-07-03 17:37:32 | INFO | t3shield | log_requests:50 | GET /api/mobility_analyses - 200 - 0.358s
2025-07-03 17:37:32 | INFO | t3shield | log_requests:50 | GET /api/verified_analyses - 200 - 0.281s
2025-07-03 17:37:33 | INFO | t3shield | log_requests:50 | GET /api/statistics - 200 - 3.094s
2025-07-03 17:37:41 | INFO | t3shield | log_requests:50 | GET /api/statistics - 200 - 7.818s
2025-07-03 17:38:15 | INFO | t3shield | log_requests:50 | GET /api/analyses - 200 - 0.431s
2025-07-03 17:38:15 | INFO | t3shield | log_requests:50 | GET /api/mobility_analyses - 200 - 0.320s
2025-07-03 17:38:15 | INFO | t3shield | log_requests:50 | GET /api/analyses - 200 - 0.346s
2025-07-03 17:38:15 | INFO | t3shield | log_requests:50 | GET /api/verified_analyses - 200 - 0.292s
2025-07-03 17:38:15 | INFO | t3shield | log_requests:50 | GET /api/mobility_analyses - 200 - 0.347s
2025-07-03 17:38:16 | INFO | t3shield | log_requests:50 | GET /api/verified_analyses - 200 - 0.278s
2025-07-03 17:38:17 | INFO | t3shield | log_requests:50 | GET /api/statistics - 200 - 3.067s
2025-07-03 17:38:20 | INFO | t3shield | log_requests:50 | GET /api/statistics - 200 - 3.046s
2025-07-03 17:39:27 | INFO | t3shield | log_requests:50 | GET /api/analyses - 200 - 0.459s
2025-07-03 17:39:27 | INFO | t3shield | log_requests:50 | GET /api/mobility_analyses - 200 - 0.346s
2025-07-03 17:39:27 | INFO | t3shield | log_requests:50 | GET /api/analyses - 200 - 0.369s
2025-07-03 17:39:27 | INFO | t3shield | log_requests:50 | GET /api/verified_analyses - 200 - 0.238s
2025-07-03 17:39:27 | INFO | t3shield | log_requests:50 | GET /api/mobility_analyses - 200 - 0.338s
2025-07-03 17:39:28 | INFO | t3shield | log_requests:50 | GET /api/verified_analyses - 200 - 0.274s
2025-07-03 17:39:30 | INFO | t3shield | log_requests:50 | GET /api/statistics - 200 - 3.312s
2025-07-03 17:39:33 | INFO | t3shield | log_requests:50 | GET /api/statistics - 200 - 3.013s
2025-07-03 17:40:07 | INFO | t3shield | log_requests:50 | GET /api/analyses - 200 - 0.386s
2025-07-03 17:40:07 | INFO | t3shield | log_requests:50 | GET /api/analyses - 200 - 0.379s
2025-07-03 17:40:07 | INFO | t3shield | log_requests:50 | GET /api/mobility_analyses - 200 - 0.352s
2025-07-03 17:40:07 | INFO | t3shield | log_requests:50 | GET /api/mobility_analyses - 200 - 0.350s
2025-07-03 17:40:08 | INFO | t3shield | log_requests:50 | GET /api/verified_analyses - 200 - 0.268s
2025-07-03 17:40:08 | INFO | t3shield | log_requests:50 | GET /api/verified_analyses - 200 - 0.277s
2025-07-03 17:40:09 | INFO | t3shield | log_requests:50 | GET /api/analyses - 200 - 1.056s
2025-07-03 17:40:09 | INFO | t3shield | log_requests:50 | GET /api/mobility_analyses - 200 - 0.351s
2025-07-03 17:40:09 | INFO | t3shield | log_requests:50 | GET /api/verified_analyses - 200 - 0.336s
2025-07-03 17:40:10 | INFO | t3shield | log_requests:50 | GET /api/statistics - 200 - 3.061s
2025-07-03 17:40:10 | INFO | t3shield | log_requests:50 | GET /api/statistics - 200 - 3.575s
2025-07-03 17:40:12 | INFO | t3shield | log_requests:50 | GET /api/statistics - 200 - 4.270s
2025-07-03 17:40:30 | INFO | t3shield | log_requests:50 | GET /api/verified_analyses - 200 - 0.286s
2025-07-03 17:40:30 | INFO | t3shield | log_requests:50 | GET /api/mobility_analyses - 200 - 0.334s
2025-07-03 17:40:30 | INFO | t3shield | log_requests:50 | GET /api/analyses - 200 - 0.358s
2025-07-03 17:40:30 | INFO | t3shield | log_requests:50 | GET /api/verified_analyses - 200 - 0.224s
2025-07-03 17:40:30 | INFO | t3shield | log_requests:50 | GET /api/mobility_analyses - 200 - 0.303s
2025-07-03 17:40:30 | INFO | t3shield | log_requests:50 | GET /api/analyses - 200 - 0.339s
2025-07-03 17:40:31 | INFO | t3shield | log_requests:50 | GET /api/verified_analyses - 200 - 0.286s
2025-07-03 17:40:31 | INFO | t3shield | log_requests:50 | GET /api/mobility_analyses - 200 - 0.305s
2025-07-03 17:40:32 | INFO | t3shield | log_requests:50 | GET /api/analyses - 200 - 0.353s
2025-07-03 17:40:33 | INFO | t3shield | log_requests:50 | GET /api/statistics - 200 - 2.883s
2025-07-03 17:40:33 | INFO | t3shield | log_requests:50 | GET /api/statistics - 200 - 2.933s
2025-07-03 17:40:35 | INFO | t3shield | log_requests:50 | GET /api/statistics - 200 - 3.564s
2025-07-03 17:41:30 | INFO | t3shield | log_requests:50 | GET /api/verified_analyses - 200 - 0.265s
2025-07-03 17:41:30 | INFO | t3shield | log_requests:50 | GET /api/analyses - 200 - 0.323s
2025-07-03 17:41:30 | INFO | t3shield | log_requests:50 | GET /api/mobility_analyses - 200 - 0.348s
2025-07-03 17:41:32 | INFO | t3shield | log_requests:50 | GET /api/verified_analyses - 200 - 0.274s
2025-07-03 17:41:32 | INFO | t3shield | log_requests:50 | GET /api/analyses - 200 - 0.333s
2025-07-03 17:41:32 | INFO | t3shield | log_requests:50 | GET /api/mobility_analyses - 200 - 0.351s
2025-07-03 17:41:33 | INFO | t3shield | log_requests:50 | GET /api/statistics - 200 - 3.524s
2025-07-03 17:41:35 | INFO | t3shield | log_requests:50 | GET /api/statistics - 200 - 3.001s
2025-07-03 17:41:41 | INFO | t3shield | log_requests:50 | GET /api/mobility_analyses - 200 - 0.365s
2025-07-03 17:41:46 | INFO | t3shield | log_requests:50 | GET /api/verified_analyses - 200 - 5.095s
2025-07-03 17:41:46 | INFO | t3shield | log_requests:50 | GET /api/analyses - 200 - 5.176s
2025-07-03 17:41:52 | INFO | t3shield | log_requests:50 | GET /api/verified_analyses - 200 - 0.251s
2025-07-03 17:41:52 | INFO | t3shield | log_requests:50 | GET /api/analyses - 200 - 0.294s
2025-07-03 17:41:52 | INFO | t3shield | log_requests:50 | GET /api/mobility_analyses - 200 - 0.312s
2025-07-03 17:41:54 | INFO | t3shield | log_requests:50 | GET /api/statistics - 200 - 7.981s
2025-07-03 17:41:57 | INFO | t3shield | log_requests:50 | GET /api/statistics - 200 - 3.261s
2025-07-03 17:43:20 | INFO | t3shield | log_requests:50 | GET /api/analyses - 200 - 0.377s
2025-07-03 17:43:20 | INFO | t3shield | log_requests:50 | GET /api/mobility_analyses - 200 - 0.296s
2025-07-03 17:43:21 | INFO | t3shield | log_requests:50 | GET /api/analyses - 200 - 0.441s
2025-07-03 17:43:21 | INFO | t3shield | log_requests:50 | GET /api/verified_analyses - 200 - 0.253s
2025-07-03 17:43:21 | INFO | t3shield | log_requests:50 | GET /api/mobility_analyses - 200 - 0.321s
2025-07-03 17:43:21 | INFO | t3shield | log_requests:50 | GET /api/verified_analyses - 200 - 0.214s
2025-07-03 17:43:23 | INFO | t3shield | log_requests:50 | GET /api/statistics - 200 - 2.839s
2025-07-03 17:43:31 | INFO | t3shield | log_requests:50 | GET /api/statistics - 200 - 8.084s
2025-07-03 17:43:58 | INFO | t3shield | log_requests:50 | GET /api/analyses - 200 - 0.448s
2025-07-03 17:43:58 | INFO | t3shield | log_requests:50 | GET /api/mobility_analyses - 200 - 0.334s
2025-07-03 17:43:59 | INFO | t3shield | log_requests:50 | GET /api/analyses - 200 - 0.417s
2025-07-03 17:43:59 | INFO | t3shield | log_requests:50 | GET /api/verified_analyses - 200 - 0.262s
2025-07-03 17:43:59 | INFO | t3shield | log_requests:50 | GET /api/mobility_analyses - 200 - 0.351s
2025-07-03 17:43:59 | INFO | t3shield | log_requests:50 | GET /api/verified_analyses - 200 - 0.233s
2025-07-03 17:44:01 | INFO | t3shield | log_requests:50 | GET /api/statistics - 200 - 2.929s
2025-07-03 17:44:03 | INFO | t3shield | log_requests:50 | GET /api/statistics - 200 - 2.853s
2025-07-03 18:33:43 | INFO | t3shield | log_requests:50 | GET /api/statistics - 200 - 4.128s
2025-07-03 18:33:46 | INFO | t3shield | log_requests:50 | GET /api/statistics - 200 - 2.993s
2025-07-03 18:36:12 | INFO | t3shield | log_requests:50 | GET /api/statistics - 200 - 3.212s
2025-07-03 18:36:20 | INFO | t3shield | log_requests:50 | GET /api/statistics - 200 - 3.261s
2025-07-03 18:36:26 | INFO | t3shield | log_requests:50 | GET /api/statistics - 200 - 3.315s
2025-07-03 18:36:27 | INFO | t3shield | log_requests:50 | GET /api/statistics - 200 - 3.773s
2025-07-03 18:36:27 | INFO | t3shield | log_requests:50 | GET /api/statistics - 200 - 3.370s
2025-07-03 18:41:49 | INFO | t3shield | log_requests:50 | GET /api/analyses - 200 - 0.839s
2025-07-03 18:41:49 | INFO | t3shield | log_requests:50 | GET /api/mobility_analyses - 200 - 0.327s
2025-07-03 18:41:50 | INFO | t3shield | log_requests:50 | GET /api/verified_analyses - 200 - 0.231s
2025-07-03 18:41:55 | INFO | t3shield | log_requests:50 | GET /api/analyses - 200 - 0.879s
2025-07-03 18:41:56 | INFO | t3shield | log_requests:50 | GET /api/analyses - 200 - 0.332s
2025-07-03 18:41:56 | INFO | t3shield | log_requests:50 | GET /api/mobility_analyses - 200 - 0.780s
2025-07-03 18:41:56 | INFO | t3shield | log_requests:50 | GET /api/verified_analyses - 200 - 0.244s
2025-07-03 18:41:56 | INFO | t3shield | log_requests:50 | GET /api/mobility_analyses - 200 - 0.321s
2025-07-03 18:41:57 | INFO | t3shield | log_requests:50 | GET /api/verified_analyses - 200 - 0.238s
2025-07-03 18:41:57 | INFO | t3shield | log_requests:50 | GET /api/statistics - 200 - 2.822s
2025-07-03 18:42:00 | INFO | t3shield | log_requests:50 | GET /api/statistics - 200 - 2.786s
2025-07-03 18:42:49 | INFO | t3shield | log_requests:50 | GET /api/analyses - 200 - 0.425s
2025-07-03 18:42:49 | INFO | t3shield | log_requests:50 | GET /api/mobility_analyses - 200 - 0.295s
2025-07-03 18:42:49 | INFO | t3shield | log_requests:50 | GET /api/analyses - 200 - 0.321s
2025-07-03 18:42:50 | INFO | t3shield | log_requests:50 | GET /api/verified_analyses - 200 - 0.273s
2025-07-03 18:42:50 | INFO | t3shield | log_requests:50 | GET /api/mobility_analyses - 200 - 0.354s
2025-07-03 18:42:50 | INFO | t3shield | log_requests:50 | GET /api/verified_analyses - 200 - 0.258s
2025-07-03 18:42:52 | INFO | t3shield | log_requests:50 | GET /api/statistics - 200 - 2.857s
2025-07-03 18:42:54 | INFO | t3shield | log_requests:50 | GET /api/statistics - 200 - 2.867s
2025-07-03 18:59:38 | INFO | t3shield | log_requests:50 | GET /api/statistics - 200 - 3.320s
2025-07-03 18:59:48 | INFO | t3shield | log_requests:50 | GET /api/analyses - 200 - 0.428s
2025-07-03 18:59:49 | INFO | t3shield | log_requests:50 | GET /api/analyses - 200 - 0.521s
2025-07-03 18:59:50 | INFO | t3shield | log_requests:50 | GET /api/mobility_analyses - 200 - 0.868s
2025-07-03 18:59:50 | INFO | t3shield | log_requests:50 | GET /api/verified_analyses - 200 - 0.229s
2025-07-03 18:59:50 | INFO | t3shield | log_requests:50 | GET /api/mobility_analyses - 200 - 0.331s
2025-07-03 18:59:50 | INFO | t3shield | log_requests:50 | GET /api/verified_analyses - 200 - 0.252s
2025-07-03 19:00:06 | INFO | t3shield | log_requests:50 | GET /api/statistics - 200 - 2.905s
2025-07-03 19:00:10 | INFO | t3shield | log_requests:50 | GET /api/statistics - 200 - 2.662s
2025-07-03 19:00:10 | INFO | t3shield | log_requests:50 | GET /api/statistics - 200 - 2.744s
2025-07-03 19:00:11 | INFO | t3shield | log_requests:50 | GET /api/statistics - 200 - 3.134s
2025-07-03 19:00:19 | INFO | t3shield | log_requests:50 | GET /api/analyses - 200 - 0.438s
2025-07-03 19:00:19 | INFO | t3shield | log_requests:50 | GET /api/analyses - 200 - 0.318s
2025-07-03 19:00:19 | INFO | t3shield | log_requests:50 | GET /api/mobility_analyses - 200 - 0.322s
2025-07-03 19:00:19 | INFO | t3shield | log_requests:50 | GET /api/verified_analyses - 200 - 0.277s
2025-07-03 19:00:19 | INFO | t3shield | log_requests:50 | GET /api/mobility_analyses - 200 - 0.327s
2025-07-03 19:00:20 | INFO | t3shield | log_requests:50 | GET /api/verified_analyses - 200 - 0.276s
2025-07-03 19:00:21 | INFO | t3shield | log_requests:50 | GET /api/statistics - 200 - 2.866s
2025-07-03 19:00:24 | INFO | t3shield | log_requests:50 | GET /api/statistics - 200 - 2.795s
2025-07-03 19:01:16 | INFO | t3shield | log_requests:50 | GET /api/analyses - 200 - 0.422s
2025-07-03 19:01:16 | INFO | t3shield | log_requests:50 | GET /api/mobility_analyses - 200 - 0.310s
2025-07-03 19:01:16 | INFO | t3shield | log_requests:50 | GET /api/analyses - 200 - 0.343s
2025-07-03 19:01:16 | INFO | t3shield | log_requests:50 | GET /api/verified_analyses - 200 - 0.235s
2025-07-03 19:01:17 | INFO | t3shield | log_requests:50 | GET /api/mobility_analyses - 200 - 0.317s
2025-07-03 19:01:17 | INFO | t3shield | log_requests:50 | GET /api/verified_analyses - 200 - 0.214s
2025-07-03 19:01:18 | INFO | t3shield | log_requests:50 | GET /api/statistics - 200 - 2.883s
2025-07-03 19:01:21 | INFO | t3shield | log_requests:50 | GET /api/statistics - 200 - 2.935s
2025-07-03 19:04:26 | INFO | t3shield | log_requests:50 | GET /api/analyses - 200 - 0.860s
2025-07-03 19:04:26 | INFO | t3shield | log_requests:50 | GET /api/mobility_analyses - 200 - 0.322s
2025-07-03 19:04:26 | INFO | t3shield | log_requests:50 | GET /api/verified_analyses - 200 - 0.247s
2025-07-03 19:04:32 | INFO | t3shield | log_requests:50 | GET /api/statistics - 200 - 2.698s
2025-07-03 19:04:35 | INFO | t3shield | log_requests:50 | GET /api/statistics - 200 - 2.691s
2025-07-03 19:04:37 | INFO | t3shield | log_requests:50 | GET /api/analyses - 200 - 0.380s
2025-07-03 19:04:38 | INFO | t3shield | log_requests:50 | GET /api/analyses - 200 - 0.341s
2025-07-03 19:04:38 | INFO | t3shield | log_requests:50 | GET /api/mobility_analyses - 200 - 0.782s
2025-07-03 19:04:39 | INFO | t3shield | log_requests:50 | GET /api/verified_analyses - 200 - 0.250s
2025-07-03 19:04:39 | INFO | t3shield | log_requests:50 | GET /api/mobility_analyses - 200 - 0.302s
2025-07-03 19:04:39 | INFO | t3shield | log_requests:50 | GET /api/verified_analyses - 200 - 0.244s
2025-07-03 19:04:40 | INFO | t3shield | log_requests:50 | GET /api/statistics - 200 - 3.218s
2025-07-03 19:04:43 | INFO | t3shield | log_requests:50 | GET /api/statistics - 200 - 2.760s
2025-07-03 19:18:15 | INFO | t3shield | log_requests:50 | GET /api/analyses - 200 - 0.941s
2025-07-03 19:18:16 | INFO | t3shield | log_requests:50 | GET /api/mobility_analyses - 200 - 0.323s
2025-07-03 19:18:16 | INFO | t3shield | log_requests:50 | GET /api/verified_analyses - 200 - 0.262s
2025-07-03 19:20:51 | INFO | t3shield | log_requests:50 | GET /api/statistics - 200 - 3.234s
2025-07-03 19:20:54 | INFO | t3shield | log_requests:50 | GET /api/statistics - 200 - 3.190s
2025-07-03 19:20:56 | INFO | t3shield | log_requests:50 | GET /api/statistics - 200 - 2.690s
2025-07-03 19:28:14 | INFO | t3shield | log_requests:50 | GET /api/analyses - 200 - 0.948s
2025-07-03 19:28:15 | INFO | t3shield | log_requests:50 | GET /api/mobility_analyses - 200 - 0.327s
2025-07-03 19:28:15 | INFO | t3shield | log_requests:50 | GET /api/verified_analyses - 200 - 0.452s
2025-07-03 19:28:17 | INFO | t3shield | log_requests:50 | GET /api/statistics - 200 - 3.841s
2025-07-03 19:28:18 | INFO | t3shield | log_requests:50 | GET /api/analyses - 200 - 0.337s
2025-07-03 19:28:18 | INFO | t3shield | log_requests:50 | GET /api/analyses - 200 - 0.343s
2025-07-03 19:28:19 | INFO | t3shield | log_requests:50 | GET /api/mobility_analyses - 200 - 0.936s
2025-07-03 19:28:19 | INFO | t3shield | log_requests:50 | GET /api/verified_analyses - 200 - 0.296s
2025-07-03 19:28:19 | INFO | t3shield | log_requests:50 | GET /api/mobility_analyses - 200 - 0.421s
2025-07-03 19:28:19 | INFO | t3shield | log_requests:50 | GET /api/verified_analyses - 200 - 0.249s
2025-07-03 19:28:20 | INFO | t3shield | log_requests:50 | GET /api/statistics - 200 - 3.034s
2025-07-03 19:28:23 | INFO | t3shield | log_requests:50 | GET /api/statistics - 200 - 2.858s
2025-07-03 19:28:39 | INFO | t3shield | log_requests:50 | GET /api/analyses - 200 - 0.369s
2025-07-03 19:28:39 | INFO | t3shield | log_requests:50 | GET /api/analyses - 200 - 0.341s
2025-07-03 19:28:39 | INFO | t3shield | log_requests:50 | GET /api/mobility_analyses - 200 - 0.342s
2025-07-03 19:28:40 | INFO | t3shield | log_requests:50 | GET /api/verified_analyses - 200 - 0.263s
2025-07-03 19:28:40 | INFO | t3shield | log_requests:50 | GET /api/mobility_analyses - 200 - 0.328s
2025-07-03 19:28:40 | INFO | t3shield | log_requests:50 | GET /api/verified_analyses - 200 - 0.257s
2025-07-03 19:28:41 | INFO | t3shield | log_requests:50 | GET /api/statistics - 200 - 2.835s
2025-07-03 19:28:45 | INFO | t3shield | log_requests:50 | GET /api/statistics - 200 - 3.081s
2025-07-03 19:33:30 | INFO | t3shield | log_requests:50 | GET /api/analyses - 200 - 0.872s
2025-07-03 19:33:30 | INFO | t3shield | log_requests:50 | GET /api/mobility_analyses - 200 - 0.328s
2025-07-03 19:33:31 | INFO | t3shield | log_requests:50 | GET /api/verified_analyses - 200 - 0.250s
2025-07-03 19:52:20 | INFO | t3shield | log_requests:50 | GET /api/analyses - 200 - 0.873s
2025-07-03 19:52:20 | INFO | t3shield | log_requests:50 | GET /api/analyses - 200 - 0.928s
2025-07-03 19:52:20 | INFO | t3shield | log_requests:50 | GET /api/mobility_analyses - 200 - 0.315s
2025-07-03 19:52:21 | INFO | t3shield | log_requests:50 | GET /api/verified_analyses - 200 - 0.243s
2025-07-03 19:52:21 | INFO | t3shield | log_requests:50 | GET /api/mobility_analyses - 200 - 0.313s
2025-07-03 19:52:21 | INFO | t3shield | log_requests:50 | GET /api/verified_analyses - 200 - 0.235s
2025-07-03 19:52:22 | INFO | t3shield | log_requests:50 | GET /api/statistics - 200 - 3.244s
2025-07-03 19:52:31 | INFO | t3shield | log_requests:50 | GET /api/statistics - 200 - 2.850s
2025-07-03 19:52:34 | INFO | t3shield | log_requests:50 | GET /api/statistics - 200 - 2.821s
2025-07-03 19:52:46 | INFO | t3shield | log_requests:50 | GET /api/analyses - 200 - 0.368s
2025-07-03 19:52:47 | INFO | t3shield | log_requests:50 | GET /api/mobility_analyses - 200 - 0.285s
2025-07-03 19:52:47 | INFO | t3shield | log_requests:50 | GET /api/analyses - 200 - 0.315s
2025-07-03 19:52:47 | INFO | t3shield | log_requests:50 | GET /api/verified_analyses - 200 - 0.223s
2025-07-03 19:52:47 | INFO | t3shield | log_requests:50 | GET /api/mobility_analyses - 200 - 0.298s
2025-07-03 19:52:47 | INFO | t3shield | log_requests:50 | GET /api/verified_analyses - 200 - 0.262s
2025-07-03 19:52:49 | INFO | t3shield | log_requests:50 | GET /api/statistics - 200 - 2.746s
2025-07-03 19:52:52 | INFO | t3shield | log_requests:50 | GET /api/statistics - 200 - 2.872s
2025-07-03 19:52:53 | INFO | t3shield | log_requests:50 | GET /api/mobility_analyses - 200 - 0.373s
2025-07-03 19:52:54 | INFO | t3shield | log_requests:50 | GET /api/verified_analyses - 200 - 0.755s
2025-07-03 19:52:54 | INFO | t3shield | log_requests:50 | GET /api/analyses - 200 - 0.959s
2025-07-03 19:53:24 | INFO | t3shield | log_requests:50 | GET /api/verified_analyses - 200 - 0.300s
2025-07-03 19:53:25 | INFO | t3shield | log_requests:50 | GET /api/mobility_analyses - 200 - 0.389s
2025-07-03 19:53:25 | INFO | t3shield | log_requests:50 | GET /api/analyses - 200 - 0.466s
2025-07-03 19:53:54 | INFO | t3shield | log_requests:50 | GET /api/analyses - 200 - 0.570s
2025-07-03 19:53:54 | INFO | t3shield | log_requests:50 | GET /api/analyses - 200 - 0.388s
2025-07-03 19:53:55 | INFO | t3shield | log_requests:50 | GET /api/analyses - 200 - 0.315s
2025-07-03 19:53:55 | INFO | t3shield | log_requests:50 | GET /api/mobility_analyses - 200 - 0.330s
2025-07-03 19:53:55 | INFO | t3shield | log_requests:50 | GET /api/verified_analyses - 200 - 0.282s
2025-07-03 19:53:55 | INFO | t3shield | log_requests:50 | GET /api/mobility_analyses - 200 - 0.329s
2025-07-03 19:53:55 | INFO | t3shield | log_requests:50 | GET /api/verified_analyses - 200 - 0.237s
2025-07-03 19:53:56 | INFO | t3shield | log_requests:50 | GET /api/statistics - 200 - 3.081s
2025-07-03 19:53:57 | INFO | t3shield | log_requests:50 | GET /api/statistics - 200 - 2.755s
2025-07-03 19:53:59 | INFO | t3shield | log_requests:50 | GET /api/statistics - 200 - 2.834s
2025-07-03 19:54:12 | INFO | t3shield | log_requests:50 | GET /api/statistics - 200 - 2.840s
2025-07-03 19:54:15 | INFO | t3shield | log_requests:50 | GET /api/statistics - 200 - 2.825s
2025-07-03 20:02:57 | INFO | t3shield | log_requests:50 | GET /api/statistics - 200 - 3.491s
2025-07-03 20:03:00 | INFO | t3shield | log_requests:50 | GET /api/statistics - 200 - 2.751s
2025-07-03 20:04:38 | INFO | t3shield | log_requests:50 | GET /api/analyses - 200 - 0.827s
2025-07-03 20:04:39 | INFO | t3shield | log_requests:50 | GET /api/analyses - 200 - 0.312s
2025-07-03 20:04:39 | INFO | t3shield | log_requests:50 | GET /api/mobility_analyses - 200 - 0.788s
2025-07-03 20:04:39 | INFO | t3shield | log_requests:50 | GET /api/verified_analyses - 200 - 0.265s
2025-07-03 20:04:39 | INFO | t3shield | log_requests:50 | GET /api/mobility_analyses - 200 - 0.363s
2025-07-03 20:04:40 | INFO | t3shield | log_requests:50 | GET /api/verified_analyses - 200 - 0.252s
2025-07-03 20:04:40 | INFO | t3shield | log_requests:50 | GET /api/statistics - 200 - 2.779s
2025-07-03 20:04:43 | INFO | t3shield | log_requests:50 | GET /api/statistics - 200 - 2.881s
2025-07-03 20:04:49 | INFO | t3shield | log_requests:50 | GET /api/analyses - 200 - 0.379s
2025-07-03 20:04:50 | INFO | t3shield | log_requests:50 | GET /api/analyses - 200 - 0.341s
2025-07-03 20:04:50 | INFO | t3shield | log_requests:50 | GET /api/mobility_analyses - 200 - 0.343s
2025-07-03 20:04:50 | INFO | t3shield | log_requests:50 | GET /api/verified_analyses - 200 - 0.251s
2025-07-03 20:04:50 | INFO | t3shield | log_requests:50 | GET /api/mobility_analyses - 200 - 0.337s
2025-07-03 20:04:50 | INFO | t3shield | log_requests:50 | GET /api/verified_analyses - 200 - 0.237s
2025-07-03 20:04:52 | INFO | t3shield | log_requests:50 | GET /api/statistics - 200 - 2.866s
2025-07-03 20:04:54 | INFO | t3shield | log_requests:50 | GET /api/statistics - 200 - 2.782s
