2025-07-02 12:27:10 | INFO | t3shield | log_requests:49 | GET /login - 200 - 0.004s
2025-07-02 12:27:11 | INFO | t3shield | log_requests:49 | GET /static/css/nav.css - 200 - 0.007s
2025-07-02 12:27:11 | INFO | t3shield | log_requests:49 | GET /static/logo-cropped.svg - 200 - 0.007s
2025-07-02 12:27:11 | INFO | t3shield | log_requests:49 | GET /favicon.ico - 200 - 0.002s
2025-07-02 12:27:17 | INFO | t3shield | log_requests:49 | POST /t3shield/login - 200 - 2.885s
2025-07-02 12:27:17 | INFO | t3shield | log_requests:49 | GET /dashboard-national - 200 - 0.005s
2025-07-02 12:27:18 | INFO | t3shield | log_requests:49 | GET /static/css/styles.css - 200 - 0.003s
2025-07-02 12:27:18 | INFO | t3shield | log_requests:49 | GET /static/js/global-cache.js - 200 - 0.007s
2025-07-02 12:27:18 | INFO | t3shield | log_requests:49 | GET /static/js/user-management.js - 200 - 0.009s
2025-07-02 12:27:18 | INFO | t3shield | log_requests:49 | GET /static/js/data.js - 200 - 0.008s
2025-07-02 12:27:18 | INFO | t3shield | log_requests:49 | GET /static/js/filters.js - 200 - 0.010s
2025-07-02 12:27:18 | INFO | t3shield | log_requests:49 | GET /static/js/map.js - 200 - 0.010s
2025-07-02 12:27:19 | INFO | t3shield | log_requests:49 | GET /t3shield/api/current-user - 200 - 0.222s
2025-07-02 12:27:22 | INFO | t3shield | get_lycees:2973 | Found 803 Lycees
2025-07-02 12:27:22 | INFO | t3shield | log_requests:49 | GET /t3shield/api/get_lycees - 200 - 2.982s
2025-07-02 12:27:23 | INFO | t3shield | get_arefs:2800 | Found 13 AREFs
2025-07-02 12:27:23 | INFO | t3shield | get_dps:2854 | Found 83 DPs
2025-07-02 12:27:23 | INFO | t3shield | log_requests:49 | GET /t3shield/api/get_arefs - 200 - 3.537s
2025-07-02 12:27:23 | INFO | t3shield | get_villes:2911 | Found 83 Villes
2025-07-02 12:27:23 | INFO | t3shield | log_requests:49 | GET /t3shield/api/get_dps - 200 - 3.614s
2025-07-02 12:27:23 | INFO | t3shield | log_requests:49 | GET /t3shield/api/get_villes - 200 - 3.627s
2025-07-02 12:27:24 | INFO | t3shield | log_requests:49 | GET /api/verified_analyses - 200 - 0.613s
2025-07-02 12:27:24 | INFO | t3shield | log_requests:49 | GET /api/mobility_analyses - 200 - 0.631s
2025-07-02 12:27:24 | INFO | t3shield | log_requests:49 | GET /api/analyses - 200 - 0.697s
2025-07-02 12:27:26 | INFO | t3shield | log_requests:49 | GET /api/mobility_analyses - 200 - 1.650s
2025-07-02 12:27:26 | INFO | t3shield | log_requests:49 | GET /api/verified_analyses - 200 - 1.650s
2025-07-02 12:27:26 | INFO | t3shield | log_requests:49 | GET /api/analyses - 200 - 1.660s
2025-07-02 12:27:34 | INFO | t3shield | log_requests:49 | GET /t3shield/api/geojson/regions - 200 - 9.744s
2025-07-02 12:27:52 | INFO | t3shield | log_requests:49 | GET /t3shield/api/geojson/provinces - 200 - 18.232s
2025-07-02 12:27:52 | INFO | t3shield | log_requests:49 | GET /login - 200 - 0.002s
2025-07-02 12:27:52 | INFO | t3shield | log_requests:49 | GET /static/css/nav.css - 200 - 0.005s
2025-07-02 12:27:52 | INFO | t3shield | log_requests:49 | GET /static/logo-cropped.svg - 200 - 0.007s
2025-07-02 12:27:52 | INFO | t3shield | log_requests:49 | GET /favicon.ico - 200 - 0.002s
2025-07-02 12:27:56 | INFO | t3shield | log_requests:49 | POST /t3shield/login - 200 - 0.530s
2025-07-02 12:27:56 | INFO | t3shield | log_requests:49 | GET /dashboard-national - 200 - 0.002s
2025-07-02 12:27:56 | INFO | t3shield | log_requests:49 | GET /static/css/styles.css - 200 - 0.004s
2025-07-02 12:27:56 | INFO | t3shield | log_requests:49 | GET /static/js/global-cache.js - 200 - 0.002s
2025-07-02 12:27:56 | INFO | t3shield | log_requests:49 | GET /static/js/user-management.js - 200 - 0.001s
2025-07-02 12:27:56 | INFO | t3shield | log_requests:49 | GET /static/js/data.js - 200 - 0.001s
2025-07-02 12:27:56 | INFO | t3shield | log_requests:49 | GET /static/js/filters.js - 200 - 0.003s
2025-07-02 12:27:56 | INFO | t3shield | log_requests:49 | GET /static/js/map.js - 200 - 0.002s
2025-07-02 12:27:57 | INFO | t3shield | log_requests:49 | GET /t3shield/api/current-user - 200 - 0.225s
2025-07-02 12:27:59 | INFO | t3shield | get_villes:2911 | Found 83 Villes
2025-07-02 12:27:59 | INFO | t3shield | get_arefs:2800 | Found 13 AREFs
2025-07-02 12:27:59 | INFO | t3shield | log_requests:49 | GET /t3shield/api/get_villes - 200 - 2.081s
2025-07-02 12:27:59 | INFO | t3shield | log_requests:49 | GET /t3shield/api/get_arefs - 200 - 2.159s
2025-07-02 12:27:59 | INFO | t3shield | get_lycees:2973 | Found 803 Lycees
2025-07-02 12:27:59 | INFO | t3shield | get_dps:2854 | Found 83 DPs
2025-07-02 12:27:59 | INFO | t3shield | log_requests:49 | GET /t3shield/api/get_lycees - 200 - 2.276s
2025-07-02 12:27:59 | INFO | t3shield | log_requests:49 | GET /t3shield/api/get_dps - 200 - 2.333s
2025-07-02 12:28:00 | INFO | t3shield | log_requests:49 | GET /api/verified_analyses - 200 - 0.592s
2025-07-02 12:28:00 | INFO | t3shield | log_requests:49 | GET /api/mobility_analyses - 200 - 0.660s
2025-07-02 12:28:00 | INFO | t3shield | log_requests:49 | GET /api/analyses - 200 - 0.663s
2025-07-02 12:28:00 | INFO | t3shield | log_requests:49 | GET /api/verified_analyses - 200 - 0.769s
2025-07-02 12:28:00 | INFO | t3shield | log_requests:49 | GET /api/mobility_analyses - 200 - 0.770s
2025-07-02 12:28:00 | INFO | t3shield | log_requests:49 | GET /api/analyses - 200 - 0.771s
2025-07-02 12:28:02 | INFO | t3shield | log_requests:49 | GET /t3shield/api/geojson/regions - 200 - 2.495s
2025-07-02 12:28:10 | INFO | t3shield | log_requests:49 | GET /t3shield/api/geojson/provinces - 200 - 8.150s
2025-07-02 12:28:35 | INFO | t3shield | log_requests:49 | POST /t3shield/api/logout - 200 - 0.001s
2025-07-02 12:28:44 | INFO | t3shield | log_requests:49 | POST /t3shield/login - 200 - 0.586s
2025-07-02 12:28:45 | INFO | t3shield | log_requests:49 | GET /t3shield/api/current-user - 200 - 0.283s
2025-07-02 12:28:47 | INFO | t3shield | get_lycees:2973 | Found 127 Lycees
2025-07-02 12:28:47 | INFO | t3shield | log_requests:49 | GET /t3shield/api/get_lycees - 200 - 2.164s
2025-07-02 12:28:47 | INFO | t3shield | get_arefs:2800 | Found 1 AREFs
2025-07-02 12:28:47 | INFO | t3shield | get_villes:2911 | Found 16 Villes
2025-07-02 12:28:47 | INFO | t3shield | log_requests:49 | GET /t3shield/api/get_arefs - 200 - 2.262s
2025-07-02 12:28:47 | INFO | t3shield | log_requests:49 | GET /t3shield/api/get_villes - 200 - 2.310s
2025-07-02 12:29:01 | INFO | t3shield | log_requests:49 | GET /t3shield/api/get_dps - 500 - 16.880s
2025-07-02 12:29:12 | INFO | t3shield | log_requests:49 | GET /dashboard-national - 200 - 0.002s
2025-07-02 12:29:12 | INFO | t3shield | log_requests:49 | GET /t3shield/api/current-user - 200 - 0.242s
2025-07-02 12:29:15 | INFO | t3shield | get_dps:2854 | Found 16 DPs
2025-07-02 12:29:15 | INFO | t3shield | get_villes:2911 | Found 16 Villes
2025-07-02 12:29:15 | INFO | t3shield | get_arefs:2800 | Found 1 AREFs
2025-07-02 12:29:15 | INFO | t3shield | log_requests:49 | GET /t3shield/api/get_arefs - 200 - 3.140s
2025-07-02 12:29:15 | INFO | t3shield | log_requests:49 | GET /t3shield/api/get_dps - 200 - 3.135s
2025-07-02 12:29:15 | INFO | t3shield | log_requests:49 | GET /t3shield/api/get_villes - 200 - 3.142s
2025-07-02 12:29:15 | INFO | t3shield | get_lycees:2973 | Found 127 Lycees
2025-07-02 12:29:15 | INFO | t3shield | log_requests:49 | GET /t3shield/api/get_lycees - 200 - 3.252s
2025-07-02 12:29:15 | INFO | t3shield | log_requests:49 | GET /api/verified_analyses - 200 - 0.499s
2025-07-02 12:29:15 | INFO | t3shield | log_requests:49 | GET /api/analyses - 200 - 0.574s
2025-07-02 12:29:15 | INFO | t3shield | log_requests:49 | GET /api/mobility_analyses - 200 - 0.581s
2025-07-02 12:29:16 | INFO | t3shield | log_requests:49 | GET /api/verified_analyses - 200 - 0.486s
2025-07-02 12:29:16 | INFO | t3shield | log_requests:49 | GET /api/analyses - 200 - 0.539s
2025-07-02 12:29:16 | INFO | t3shield | log_requests:49 | GET /api/mobility_analyses - 200 - 0.558s
2025-07-02 12:29:18 | INFO | t3shield | log_requests:49 | GET /t3shield/api/geojson/regions - 200 - 2.134s
2025-07-02 12:29:32 | INFO | t3shield | log_requests:49 | GET /t3shield/api/geojson/provinces - 200 - 13.812s
2025-07-02 12:29:32 | INFO | t3shield | log_requests:49 | GET /api/verified_analyses - 200 - 0.778s
2025-07-02 12:29:32 | INFO | t3shield | log_requests:49 | GET /api/analyses - 200 - 0.844s
2025-07-02 12:29:32 | INFO | t3shield | log_requests:49 | GET /api/mobility_analyses - 200 - 0.844s
2025-07-02 12:30:25 | INFO | t3shield | log_requests:49 | GET /statistiques - 200 - 0.005s
2025-07-02 12:30:25 | INFO | t3shield | log_requests:49 | GET /css/nav.css - 200 - 0.004s
2025-07-02 12:30:25 | INFO | t3shield | log_requests:49 | GET /css/stats-styles.css - 200 - 0.006s
2025-07-02 12:30:25 | INFO | t3shield | log_requests:49 | GET /js/global-cache.js - 200 - 0.004s
2025-07-02 12:30:25 | INFO | t3shield | log_requests:49 | GET /js/user-management.js - 200 - 0.002s
2025-07-02 12:30:25 | INFO | t3shield | log_requests:49 | GET /js/stats-data-refined.js - 200 - 0.003s
2025-07-02 12:30:25 | INFO | t3shield | log_requests:49 | GET /t3shield/api/current-user - 200 - 0.244s
2025-07-02 12:30:27 | INFO | t3shield | get_arefs:2800 | Found 1 AREFs
2025-07-02 12:30:27 | INFO | t3shield | get_dps:2854 | Found 16 DPs
2025-07-02 12:30:27 | INFO | t3shield | get_lycees:2973 | Found 127 Lycees
2025-07-02 12:30:27 | INFO | t3shield | log_requests:49 | GET /t3shield/api/get_arefs - 200 - 2.056s
2025-07-02 12:30:27 | INFO | t3shield | get_villes:2911 | Found 16 Villes
2025-07-02 12:30:27 | INFO | t3shield | log_requests:49 | GET /t3shield/api/get_dps - 200 - 2.111s
2025-07-02 12:30:27 | INFO | t3shield | log_requests:49 | GET /t3shield/api/get_lycees - 200 - 2.137s
2025-07-02 12:30:27 | INFO | t3shield | log_requests:49 | GET /t3shield/api/get_villes - 200 - 2.152s
2025-07-02 12:30:28 | INFO | t3shield | log_requests:49 | GET /api/verified_analyses - 200 - 0.510s
2025-07-02 12:30:28 | INFO | t3shield | log_requests:49 | GET /api/analyses - 200 - 0.565s
2025-07-02 12:30:28 | INFO | t3shield | log_requests:49 | GET /api/mobility_analyses - 200 - 0.601s
2025-07-02 12:30:31 | INFO | t3shield | log_requests:49 | GET /api/statistics - 200 - 2.976s
2025-07-02 12:30:33 | INFO | t3shield | log_requests:49 | GET /api/verified_analyses - 200 - 0.474s
2025-07-02 12:30:33 | INFO | t3shield | log_requests:49 | GET /api/analyses - 200 - 0.610s
2025-07-02 12:30:33 | INFO | t3shield | log_requests:49 | GET /api/mobility_analyses - 200 - 0.614s
2025-07-02 12:30:33 | INFO | t3shield | log_requests:49 | GET /api/verified_analyses - 200 - 0.583s
2025-07-02 12:30:34 | INFO | t3shield | log_requests:49 | GET /api/mobility_analyses - 200 - 0.699s
2025-07-02 12:30:34 | INFO | t3shield | log_requests:49 | GET /api/analyses - 200 - 0.819s
2025-07-02 12:30:34 | INFO | t3shield | log_requests:49 | GET /api/verified_analyses - 200 - 0.544s
2025-07-02 12:30:34 | INFO | t3shield | log_requests:49 | GET /api/mobility_analyses - 200 - 0.574s
2025-07-02 12:30:34 | INFO | t3shield | log_requests:49 | GET /api/analyses - 200 - 0.580s
2025-07-02 12:30:36 | INFO | t3shield | log_requests:49 | GET /api/statistics - 200 - 3.265s
2025-07-02 12:30:37 | INFO | t3shield | log_requests:49 | GET /api/verified_analyses - 200 - 0.543s
2025-07-02 12:30:37 | INFO | t3shield | log_requests:49 | GET /api/mobility_analyses - 200 - 0.568s
2025-07-02 12:30:37 | INFO | t3shield | log_requests:49 | GET /api/analyses - 200 - 0.631s
2025-07-02 12:30:38 | INFO | t3shield | log_requests:49 | GET /api/statistics - 200 - 4.331s
2025-07-02 12:30:42 | INFO | t3shield | log_requests:49 | GET /api/statistics - 200 - 3.620s
2025-07-02 12:30:45 | INFO | t3shield | log_requests:49 | GET /api/statistics - 200 - 3.535s
2025-07-02 12:33:46 | INFO | t3shield | log_requests:49 | GET /.well-known/appspecific/com.chrome.devtools.json - 404 - 0.000s
2025-07-02 12:34:02 | INFO | t3shield | log_requests:49 | GET /statistiques - 200 - 0.002s
2025-07-02 12:34:02 | INFO | t3shield | log_requests:49 | GET /.well-known/appspecific/com.chrome.devtools.json - 404 - 0.001s
2025-07-02 12:34:02 | INFO | t3shield | log_requests:49 | GET /css/nav.css - 200 - 0.006s
2025-07-02 12:34:02 | INFO | t3shield | log_requests:49 | GET /css/stats-styles.css - 200 - 0.011s
2025-07-02 12:34:02 | INFO | t3shield | log_requests:49 | GET /static/logo-cropped.svg - 200 - 0.007s
2025-07-02 12:34:03 | INFO | t3shield | log_requests:49 | GET /js/global-cache.js - 200 - 0.004s
2025-07-02 12:34:03 | INFO | t3shield | log_requests:49 | GET /js/user-management.js - 200 - 0.003s
2025-07-02 12:34:03 | INFO | t3shield | log_requests:49 | GET /js/stats-data-refined.js - 200 - 0.002s
2025-07-02 12:34:03 | INFO | t3shield | log_requests:49 | GET /favicon.ico - 200 - 0.002s
2025-07-02 12:34:50 | INFO | t3shield | log_requests:49 | GET /robots.txt - 404 - 0.000s
2025-07-02 12:34:58 | INFO | t3shield | log_requests:49 | GET /.well-known/appspecific/com.chrome.devtools.json - 404 - 0.001s
2025-07-02 12:34:58 | INFO | t3shield | log_requests:49 | GET /.well-known/appspecific/com.chrome.devtools.json - 404 - 0.001s
2025-07-02 12:35:06 | INFO | t3shield | log_requests:49 | GET /.well-known/appspecific/com.chrome.devtools.json - 404 - 0.001s
2025-07-02 12:35:07 | INFO | t3shield | log_requests:49 | GET /t3shield/api/current-user - 200 - 0.727s
2025-07-02 12:35:09 | INFO | t3shield | get_lycees:2973 | Found 127 Lycees
2025-07-02 12:35:09 | INFO | t3shield | log_requests:49 | GET /t3shield/api/get_lycees - 200 - 2.060s
2025-07-02 12:35:09 | INFO | t3shield | get_villes:2911 | Found 16 Villes
2025-07-02 12:35:09 | INFO | t3shield | get_dps:2854 | Found 16 DPs
2025-07-02 12:35:09 | INFO | t3shield | log_requests:49 | GET /t3shield/api/get_villes - 200 - 2.533s
2025-07-02 12:35:09 | INFO | t3shield | log_requests:49 | GET /t3shield/api/get_dps - 200 - 2.536s
2025-07-02 12:35:09 | INFO | t3shield | get_arefs:2800 | Found 1 AREFs
2025-07-02 12:35:09 | INFO | t3shield | log_requests:49 | GET /t3shield/api/get_arefs - 200 - 2.627s
2025-07-02 12:35:10 | INFO | t3shield | log_requests:49 | GET /api/verified_analyses - 200 - 0.467s
2025-07-02 12:35:10 | INFO | t3shield | log_requests:49 | GET /api/mobility_analyses - 200 - 0.570s
2025-07-02 12:35:10 | INFO | t3shield | log_requests:49 | GET /api/analyses - 200 - 0.573s
2025-07-02 12:35:13 | INFO | t3shield | log_requests:49 | GET /api/statistics - 200 - 3.016s
2025-07-02 13:02:35 | INFO | t3shield | log_requests:49 | GET /login - 200 - 0.003s
2025-07-02 13:02:35 | INFO | t3shield | log_requests:49 | GET /static/css/nav.css - 200 - 0.002s
2025-07-02 13:02:43 | INFO | t3shield | log_requests:49 | POST /t3shield/login - 200 - 1.486s
2025-07-02 13:02:43 | INFO | t3shield | log_requests:49 | GET /dashboard-national - 200 - 0.002s
2025-07-02 13:02:43 | INFO | t3shield | log_requests:49 | GET /static/css/styles.css - 200 - 0.044s
2025-07-02 13:02:43 | INFO | t3shield | log_requests:49 | GET /static/js/user-management.js - 200 - 0.043s
2025-07-02 13:02:43 | INFO | t3shield | log_requests:49 | GET /static/js/global-cache.js - 200 - 0.057s
2025-07-02 13:02:43 | INFO | t3shield | log_requests:49 | GET /static/js/data.js - 200 - 0.056s
2025-07-02 13:02:43 | INFO | t3shield | log_requests:49 | GET /static/js/map.js - 200 - 0.070s
2025-07-02 13:02:43 | INFO | t3shield | log_requests:49 | GET /static/js/filters.js - 200 - 0.075s
2025-07-02 13:02:43 | INFO | t3shield | log_requests:49 | GET /t3shield/api/current-user - 200 - 0.219s
2025-07-02 13:02:45 | INFO | t3shield | get_villes:2911 | Found 83 Villes
2025-07-02 13:02:45 | INFO | t3shield | log_requests:49 | GET /t3shield/api/get_villes - 200 - 2.007s
2025-07-02 13:02:45 | INFO | t3shield | get_dps:2854 | Found 83 DPs
2025-07-02 13:02:45 | INFO | t3shield | get_arefs:2800 | Found 13 AREFs
2025-07-02 13:02:46 | INFO | t3shield | log_requests:49 | GET /t3shield/api/get_arefs - 200 - 2.537s
2025-07-02 13:02:46 | INFO | t3shield | log_requests:49 | GET /t3shield/api/get_dps - 200 - 2.535s
2025-07-02 13:02:46 | INFO | t3shield | get_lycees:2973 | Found 803 Lycees
2025-07-02 13:02:46 | INFO | t3shield | log_requests:49 | GET /t3shield/api/get_lycees - 200 - 2.717s
2025-07-02 13:02:46 | INFO | t3shield | log_requests:49 | GET /api/verified_analyses - 200 - 0.523s
2025-07-02 13:02:46 | INFO | t3shield | log_requests:49 | GET /api/mobility_analyses - 200 - 0.573s
2025-07-02 13:02:46 | INFO | t3shield | log_requests:49 | GET /api/analyses - 200 - 0.574s
2025-07-02 13:02:47 | INFO | t3shield | log_requests:49 | GET /api/verified_analyses - 200 - 0.574s
2025-07-02 13:02:47 | INFO | t3shield | log_requests:49 | GET /api/mobility_analyses - 200 - 0.584s
2025-07-02 13:02:47 | INFO | t3shield | log_requests:49 | GET /api/analyses - 200 - 0.672s
2025-07-02 13:02:49 | INFO | t3shield | log_requests:49 | GET /t3shield/api/geojson/regions - 200 - 2.401s
2025-07-02 13:02:57 | INFO | t3shield | log_requests:49 | GET /t3shield/api/geojson/provinces - 200 - 8.160s
2025-07-02 16:00:36 | INFO | t3shield | log_requests:49 | GET /t3shield/api/geojson/regions - 200 - 7.370s
2025-07-02 16:00:37 | INFO | t3shield | log_requests:49 | GET /t3shield/api/geojson/regions - 200 - 2.151s
2025-07-02 16:04:36 | INFO | t3shield | log_requests:49 | GET /t3shield/api/geojson/regions - 200 - 2.327s
2025-07-02 16:10:06 | INFO | t3shield | log_requests:49 | GET /t3shield/api/geojson/regions - 200 - 2.259s
2025-07-02 16:10:14 | INFO | t3shield | log_requests:49 | GET /t3shield/api/geojson/provinces - 200 - 8.090s
2025-07-02 16:14:15 | INFO | t3shield | log_requests:49 | GET /t3shield/api/geojson/regions - 200 - 2.288s
2025-07-02 16:14:24 | INFO | t3shield | log_requests:49 | GET /t3shield/api/geojson/provinces - 200 - 8.765s
2025-07-02 16:18:08 | INFO | t3shield | log_requests:49 | GET /t3shield/api/geojson/regions - 200 - 2.132s
2025-07-02 16:18:12 | INFO | t3shield | log_requests:49 | GET /t3shield/api/geojson/regions - 200 - 2.218s
2025-07-02 16:18:22 | INFO | t3shield | log_requests:49 | GET /t3shield/api/geojson/provinces - 200 - 9.474s
2025-07-02 16:21:15 | INFO | t3shield | log_requests:49 | GET /t3shield/api/geojson/regions - 200 - 2.245s
2025-07-02 16:21:24 | INFO | t3shield | log_requests:49 | GET /t3shield/api/geojson/provinces - 200 - 9.111s
2025-07-02 16:32:10 | INFO | t3shield | log_requests:49 | POST /t3shield/login - 200 - 1.523s
2025-07-02 16:32:10 | INFO | t3shield | log_requests:49 | GET /static/js/map.js - 304 - 0.004s
2025-07-02 16:32:11 | INFO | t3shield | log_requests:49 | GET /t3shield/api/current-user - 200 - 0.292s
2025-07-02 16:32:12 | INFO | t3shield | get_dps:2854 | Found 83 DPs
2025-07-02 16:32:12 | INFO | t3shield | log_requests:49 | GET /statistiques - 200 - 0.002s
2025-07-02 16:32:13 | INFO | t3shield | log_requests:49 | GET /js/stats-data-refined.js - 304 - 0.002s
2025-07-02 16:32:13 | INFO | t3shield | get_villes:2911 | Found 83 Villes
2025-07-02 16:32:13 | INFO | t3shield | log_requests:49 | GET /t3shield/api/current-user - 200 - 0.235s
2025-07-02 16:32:15 | INFO | t3shield | log_requests:49 | GET /t3shield/api/get_dps - 200 - 4.480s
2025-07-02 16:32:15 | INFO | t3shield | log_requests:49 | GET /t3shield/api/get_villes - 200 - 4.964s
2025-07-02 16:32:16 | INFO | t3shield | get_arefs:2800 | Found 13 AREFs
2025-07-02 16:32:17 | INFO | t3shield | log_requests:49 | GET /t3shield/api/get_arefs - 200 - 6.195s
2025-07-02 16:32:17 | INFO | t3shield | get_lycees:2973 | Found 803 Lycees
2025-07-02 16:32:17 | INFO | t3shield | log_requests:49 | GET /t3shield/api/get_lycees - 200 - 6.351s
2025-07-02 16:32:17 | INFO | t3shield | get_dps:2854 | Found 83 DPs
2025-07-02 16:32:17 | INFO | t3shield | log_requests:49 | GET /t3shield/api/get_dps - 200 - 2.038s
2025-07-02 16:32:17 | INFO | t3shield | get_villes:2911 | Found 83 Villes
2025-07-02 16:32:17 | INFO | t3shield | log_requests:49 | GET /t3shield/api/get_villes - 200 - 2.066s
2025-07-02 16:32:19 | INFO | t3shield | get_arefs:2800 | Found 13 AREFs
2025-07-02 16:32:19 | INFO | t3shield | log_requests:49 | GET /t3shield/api/get_arefs - 200 - 2.079s
2025-07-02 16:32:19 | INFO | t3shield | get_lycees:2973 | Found 803 Lycees
2025-07-02 16:32:19 | INFO | t3shield | log_requests:49 | GET /t3shield/api/get_lycees - 200 - 2.319s
2025-07-02 16:32:20 | INFO | t3shield | log_requests:49 | GET /api/mobility_analyses - 200 - 0.584s
2025-07-02 16:32:20 | INFO | t3shield | log_requests:49 | GET /api/verified_analyses - 200 - 0.586s
2025-07-02 16:32:20 | INFO | t3shield | log_requests:49 | GET /api/analyses - 200 - 0.591s
2025-07-02 16:32:23 | INFO | t3shield | log_requests:49 | GET /api/statistics - 200 - 3.335s
2025-07-02 20:39:35 | INFO | t3shield | log_requests:49 | GET /login - 200 - 0.022s
2025-07-02 20:39:35 | INFO | t3shield | log_requests:49 | GET /login - 200 - 0.017s
2025-07-02 20:39:35 | INFO | t3shield | log_requests:49 | GET /login - 200 - 0.017s
2025-07-02 20:39:35 | INFO | t3shield | log_requests:49 | GET /login - 200 - 0.019s
2025-07-02 20:39:35 | INFO | t3shield | log_requests:49 | GET /login - 200 - 0.015s
2025-07-02 20:42:00 | INFO | t3shield | log_requests:49 | GET /login - 200 - 0.004s
2025-07-02 20:42:00 | INFO | t3shield | log_requests:49 | GET /login - 200 - 0.006s
2025-07-02 20:42:00 | INFO | t3shield | log_requests:49 | GET /login - 200 - 0.006s
2025-07-02 20:42:00 | INFO | t3shield | log_requests:49 | GET /login - 200 - 0.007s
2025-07-02 20:42:00 | INFO | t3shield | log_requests:49 | GET /login - 200 - 0.005s
2025-07-02 20:46:45 | INFO | t3shield | log_requests:49 | GET /api/statistics - 200 - 4.872s
2025-07-02 20:46:47 | INFO | t3shield | log_requests:49 | GET /api/statistics - 200 - 2.695s
2025-07-02 20:47:57 | INFO | t3shield | log_requests:49 | GET /api/statistics - 200 - 2.596s
2025-07-02 20:48:00 | INFO | t3shield | log_requests:49 | GET /api/statistics - 200 - 2.644s
2025-07-02 20:48:56 | INFO | t3shield | log_requests:49 | GET /api/verified_analyses - 200 - 0.708s
2025-07-02 20:48:56 | INFO | t3shield | log_requests:49 | GET /api/analyses - 200 - 0.740s
2025-07-02 20:48:56 | INFO | t3shield | log_requests:49 | GET /api/mobility_analyses - 200 - 0.758s
2025-07-02 20:48:57 | INFO | t3shield | log_requests:49 | GET /api/verified_analyses - 200 - 0.243s
2025-07-02 20:48:57 | INFO | t3shield | log_requests:49 | GET /api/mobility_analyses - 200 - 0.293s
2025-07-02 20:48:57 | INFO | t3shield | log_requests:49 | GET /api/analyses - 200 - 0.319s
2025-07-02 20:48:58 | INFO | t3shield | log_requests:49 | GET /api/statistics - 200 - 2.576s
2025-07-02 20:48:59 | INFO | t3shield | log_requests:49 | GET /api/statistics - 200 - 3.060s
2025-07-02 20:48:59 | INFO | t3shield | log_requests:49 | GET /api/statistics - 200 - 3.144s
2025-07-02 20:49:01 | INFO | t3shield | log_requests:49 | GET /api/statistics - 200 - 2.569s
2025-07-02 20:49:01 | INFO | t3shield | log_requests:49 | GET /api/statistics - 200 - 2.613s
2025-07-02 20:49:01 | INFO | t3shield | log_requests:49 | GET /api/statistics - 200 - 2.672s
2025-07-02 20:49:39 | INFO | t3shield | log_requests:49 | GET /api/verified_analyses - 200 - 0.429s
2025-07-02 20:49:39 | INFO | t3shield | log_requests:49 | GET /api/analyses - 200 - 0.781s
2025-07-02 20:49:39 | INFO | t3shield | log_requests:49 | GET /api/verified_analyses - 200 - 0.410s
2025-07-02 20:49:40 | INFO | t3shield | log_requests:49 | GET /api/mobility_analyses - 200 - 1.164s
2025-07-02 20:49:40 | INFO | t3shield | log_requests:49 | GET /api/analyses - 200 - 0.491s
2025-07-02 20:49:41 | INFO | t3shield | log_requests:49 | GET /api/mobility_analyses - 200 - 1.101s
2025-07-02 20:49:43 | INFO | t3shield | log_requests:49 | GET /api/statistics - 200 - 4.402s
2025-07-02 20:49:43 | INFO | t3shield | log_requests:49 | GET /api/statistics - 200 - 4.613s
2025-07-02 20:49:46 | INFO | t3shield | log_requests:49 | GET /api/statistics - 200 - 2.638s
2025-07-02 20:49:46 | INFO | t3shield | log_requests:49 | GET /api/statistics - 200 - 2.627s
2025-07-02 20:50:17 | INFO | t3shield | log_requests:49 | GET /api/verified_analyses - 200 - 0.270s
2025-07-02 20:50:17 | INFO | t3shield | log_requests:49 | GET /api/mobility_analyses - 200 - 0.379s
2025-07-02 20:50:17 | INFO | t3shield | log_requests:49 | GET /api/analyses - 200 - 0.409s
2025-07-02 20:50:17 | INFO | t3shield | log_requests:49 | GET /api/mobility_analyses - 200 - 0.311s
2025-07-02 20:50:17 | INFO | t3shield | log_requests:49 | GET /api/analyses - 200 - 0.319s
2025-07-02 20:50:17 | INFO | t3shield | log_requests:49 | GET /api/verified_analyses - 200 - 0.250s
2025-07-02 20:50:19 | INFO | t3shield | log_requests:49 | GET /api/statistics - 200 - 2.569s
2025-07-02 20:50:19 | INFO | t3shield | log_requests:49 | GET /api/statistics - 200 - 2.605s
2025-07-02 20:59:38 | INFO | t3shield | log_requests:49 | GET /api/statistics - 200 - 3.458s
2025-07-02 20:59:38 | INFO | t3shield | log_requests:49 | GET /api/statistics - 200 - 3.317s
2025-07-02 20:59:41 | INFO | t3shield | log_requests:49 | GET /api/statistics - 200 - 2.749s
2025-07-02 20:59:44 | INFO | t3shield | log_requests:49 | GET /api/statistics - 200 - 2.648s
2025-07-02 20:59:46 | INFO | t3shield | log_requests:49 | GET /api/statistics - 200 - 2.723s
2025-07-02 21:01:14 | INFO | t3shield | log_requests:49 | GET /api/statistics - 200 - 2.780s
2025-07-02 21:01:17 | INFO | t3shield | log_requests:49 | GET /api/statistics - 200 - 2.619s
2025-07-02 21:01:20 | INFO | t3shield | log_requests:49 | GET /api/statistics - 200 - 2.634s
2025-07-02 21:03:52 | INFO | t3shield | log_requests:49 | GET /api/statistics - 200 - 3.261s
2025-07-02 21:03:52 | INFO | t3shield | log_requests:49 | GET /api/statistics - 200 - 3.503s
2025-07-02 21:03:52 | INFO | t3shield | log_requests:49 | GET /api/statistics - 200 - 3.805s
2025-07-02 21:03:54 | INFO | t3shield | log_requests:49 | GET /api/statistics - 200 - 5.640s
2025-07-02 21:05:42 | INFO | t3shield | log_requests:49 | GET /api/statistics - 200 - 2.693s
2025-07-02 21:05:42 | INFO | t3shield | log_requests:49 | GET /api/statistics - 200 - 2.787s
2025-07-02 21:05:45 | INFO | t3shield | log_requests:49 | GET /api/statistics - 200 - 2.608s
2025-07-02 21:05:45 | INFO | t3shield | log_requests:49 | GET /api/statistics - 200 - 3.739s
2025-07-02 21:05:45 | INFO | t3shield | log_requests:49 | GET /api/statistics - 200 - 2.741s
2025-07-02 21:05:46 | INFO | t3shield | log_requests:49 | GET /api/statistics - 200 - 4.853s
2025-07-02 21:05:47 | INFO | t3shield | log_requests:49 | GET /api/statistics - 200 - 2.645s
2025-07-02 21:05:48 | INFO | t3shield | log_requests:49 | GET /api/statistics - 200 - 2.781s
2025-07-02 21:05:49 | INFO | t3shield | log_requests:49 | GET /api/statistics - 200 - 3.966s
2025-07-02 21:05:50 | INFO | t3shield | log_requests:49 | GET /api/statistics - 200 - 2.822s
2025-07-02 21:05:50 | INFO | t3shield | log_requests:49 | GET /api/statistics - 200 - 4.607s
2025-07-02 21:05:52 | INFO | t3shield | log_requests:49 | GET /api/statistics - 200 - 3.358s
2025-07-02 21:06:04 | INFO | t3shield | log_requests:49 | GET /api/statistics - 200 - 3.042s
2025-07-02 21:06:04 | INFO | t3shield | log_requests:49 | GET /api/statistics - 200 - 3.708s
2025-07-02 21:06:44 | INFO | t3shield | log_requests:49 | GET /api/statistics - 200 - 3.922s
2025-07-02 21:06:48 | INFO | t3shield | log_requests:49 | GET /api/statistics - 200 - 4.501s
2025-07-02 21:07:03 | INFO | t3shield | log_requests:49 | GET /api/statistics - 200 - 3.059s
2025-07-02 21:07:32 | INFO | t3shield | log_requests:49 | GET /api/statistics - 200 - 3.723s
2025-07-02 21:07:36 | INFO | t3shield | log_requests:49 | GET /api/statistics - 200 - 3.434s
2025-07-02 21:07:39 | INFO | t3shield | log_requests:49 | GET /api/statistics - 200 - 3.660s
2025-07-02 21:07:43 | INFO | t3shield | log_requests:49 | GET /api/statistics - 200 - 3.211s
2025-07-02 21:07:46 | INFO | t3shield | log_requests:49 | GET /api/statistics - 200 - 3.134s
2025-07-02 21:07:49 | INFO | t3shield | log_requests:49 | GET /api/statistics - 200 - 3.011s
2025-07-02 21:11:37 | INFO | t3shield | log_requests:49 | GET /static/css/nav.css - 304 - 0.004s
2025-07-02 21:12:12 | INFO | t3shield | log_requests:49 | GET /login - 200 - 0.006s
2025-07-02 21:12:13 | INFO | t3shield | log_requests:49 | GET /login - 200 - 0.003s
2025-07-02 21:14:23 | INFO | t3shield | log_requests:49 | GET /api/statistics - 200 - 3.361s
2025-07-02 21:16:31 | INFO | t3shield | log_requests:49 | GET /api/statistics - 200 - 7.958s
2025-07-02 21:17:31 | INFO | t3shield | log_requests:49 | GET /api/statistics - 200 - 2.885s
2025-07-02 21:17:34 | INFO | t3shield | log_requests:49 | GET /api/statistics - 200 - 2.787s
2025-07-02 21:17:37 | INFO | t3shield | log_requests:49 | GET /api/statistics - 200 - 2.783s
2025-07-02 21:17:40 | INFO | t3shield | log_requests:49 | GET /api/statistics - 200 - 2.816s
2025-07-02 21:17:42 | INFO | t3shield | log_requests:49 | GET /api/statistics - 200 - 2.692s
2025-07-02 21:17:45 | INFO | t3shield | log_requests:49 | GET /api/statistics - 200 - 2.823s
2025-07-02 21:17:59 | INFO | t3shield | log_requests:49 | GET /api/statistics - 200 - 2.763s
2025-07-02 21:18:01 | INFO | t3shield | log_requests:49 | GET /api/statistics - 200 - 2.650s
2025-07-02 21:18:04 | INFO | t3shield | log_requests:49 | GET /api/statistics - 200 - 3.217s
2025-07-02 21:18:05 | INFO | t3shield | log_requests:49 | GET /api/statistics - 200 - 4.245s
2025-07-02 21:18:07 | INFO | t3shield | log_requests:49 | GET /api/statistics - 200 - 2.928s
2025-07-02 21:18:09 | INFO | t3shield | log_requests:49 | GET /api/statistics - 200 - 3.886s
2025-07-02 21:18:12 | INFO | t3shield | log_requests:49 | GET /api/statistics - 200 - 3.855s
2025-07-02 21:18:14 | INFO | t3shield | log_requests:49 | GET /api/statistics - 200 - 3.782s
2025-07-02 21:18:16 | INFO | t3shield | log_requests:49 | GET /api/statistics - 200 - 3.830s
2025-07-02 21:18:16 | INFO | t3shield | log_requests:49 | GET /api/statistics - 200 - 3.507s
2025-07-02 21:18:17 | INFO | t3shield | log_requests:49 | GET /api/statistics - 200 - 3.531s
2025-07-02 21:18:19 | INFO | t3shield | log_requests:49 | GET /api/statistics - 200 - 3.137s
2025-07-02 21:19:30 | INFO | t3shield | log_requests:49 | GET /api/statistics - 200 - 8.752s
2025-07-02 21:19:38 | INFO | t3shield | log_requests:49 | GET /api/statistics - 200 - 7.733s
2025-07-02 21:19:54 | INFO | t3shield | log_requests:49 | GET /api/statistics - 200 - 15.465s
2025-07-02 21:29:34 | INFO | t3shield | log_requests:49 | GET /api/statistics - 200 - 3.230s
2025-07-02 21:29:34 | INFO | t3shield | log_requests:49 | GET /api/statistics - 200 - 3.284s
2025-07-02 21:30:27 | INFO | t3shield | log_requests:49 | GET /api/statistics - 200 - 3.199s
2025-07-02 21:30:27 | INFO | t3shield | log_requests:49 | GET /api/statistics - 200 - 3.344s
2025-07-02 21:30:32 | INFO | t3shield | log_requests:49 | GET /api/statistics - 200 - 6.827s
2025-07-02 21:30:35 | INFO | t3shield | log_requests:49 | GET /api/statistics - 200 - 3.370s
2025-07-02 21:30:39 | INFO | t3shield | log_requests:49 | GET /api/statistics - 200 - 3.187s
2025-07-02 21:30:42 | INFO | t3shield | log_requests:49 | GET /api/statistics - 200 - 3.016s
2025-07-02 21:30:54 | INFO | t3shield | log_requests:49 | GET /api/statistics - 200 - 12.569s
2025-07-02 21:30:56 | INFO | t3shield | log_requests:49 | GET /api/statistics - 200 - 10.293s
2025-07-02 21:32:08 | INFO | t3shield | log_requests:49 | POST /t3shield/login - 200 - 1.354s
2025-07-02 21:32:08 | INFO | t3shield | log_requests:49 | GET /dashboard-national - 200 - 0.001s
2025-07-02 21:32:08 | INFO | t3shield | log_requests:49 | GET /static/css/styles.css - 304 - 0.003s
2025-07-02 21:32:08 | INFO | t3shield | log_requests:49 | GET /static/js/global-cache.js - 304 - 0.014s
2025-07-02 21:32:08 | INFO | t3shield | log_requests:49 | GET /static/js/user-management.js - 304 - 0.021s
2025-07-02 21:32:08 | INFO | t3shield | log_requests:49 | GET /static/js/filters.js - 304 - 0.009s
2025-07-02 21:32:08 | INFO | t3shield | log_requests:49 | GET /static/js/map.js - 304 - 0.009s
2025-07-02 21:32:08 | INFO | t3shield | log_requests:49 | GET /static/js/data.js - 304 - 0.019s
2025-07-02 21:32:09 | INFO | t3shield | log_requests:49 | GET /t3shield/api/current-user - 200 - 0.230s
2025-07-02 21:32:10 | INFO | t3shield | get_arefs:2800 | Found 13 AREFs
2025-07-02 21:32:10 | INFO | t3shield | log_requests:49 | GET /t3shield/api/get_arefs - 200 - 1.831s
2025-07-02 21:32:11 | INFO | t3shield | get_dps:2854 | Found 83 DPs
2025-07-02 21:32:11 | INFO | t3shield | get_villes:2911 | Found 83 Villes
2025-07-02 21:32:11 | INFO | t3shield | log_requests:49 | GET /t3shield/api/get_dps - 200 - 2.321s
2025-07-02 21:32:11 | INFO | t3shield | log_requests:49 | GET /t3shield/api/get_villes - 200 - 2.387s
2025-07-02 21:32:11 | INFO | t3shield | get_lycees:2973 | Found 803 Lycees
2025-07-02 21:32:11 | INFO | t3shield | log_requests:49 | GET /t3shield/api/get_lycees - 200 - 2.563s
2025-07-02 21:32:12 | INFO | t3shield | log_requests:49 | GET /api/verified_analyses - 200 - 0.466s
2025-07-02 21:32:12 | INFO | t3shield | log_requests:49 | GET /api/analyses - 200 - 0.526s
2025-07-02 21:32:12 | INFO | t3shield | log_requests:49 | GET /api/mobility_analyses - 200 - 0.540s
2025-07-02 21:32:12 | INFO | t3shield | log_requests:49 | GET /api/verified_analyses - 200 - 0.595s
2025-07-02 21:32:12 | INFO | t3shield | log_requests:49 | GET /api/mobility_analyses - 200 - 0.623s
2025-07-02 21:32:12 | INFO | t3shield | log_requests:49 | GET /api/analyses - 200 - 0.687s
2025-07-02 21:32:14 | INFO | t3shield | log_requests:49 | GET /t3shield/api/geojson/regions - 200 - 2.436s
2025-07-02 21:32:23 | INFO | t3shield | log_requests:49 | GET /t3shield/api/geojson/provinces - 200 - 9.219s
2025-07-02 21:32:32 | INFO | t3shield | log_requests:49 | GET /api/verified_analyses - 200 - 0.459s
2025-07-02 21:32:32 | INFO | t3shield | log_requests:49 | GET /api/mobility_analyses - 200 - 0.512s
2025-07-02 21:32:32 | INFO | t3shield | log_requests:49 | GET /api/analyses - 200 - 0.673s
2025-07-02 21:32:38 | INFO | t3shield | log_requests:49 | GET /statistiques - 200 - 0.001s
2025-07-02 21:32:38 | INFO | t3shield | log_requests:49 | GET /css/nav.css - 304 - 0.007s
2025-07-02 21:32:38 | INFO | t3shield | log_requests:49 | GET /css/stats-styles.css - 304 - 0.009s
2025-07-02 21:32:38 | INFO | t3shield | log_requests:49 | GET /js/global-cache.js - 304 - 0.002s
2025-07-02 21:32:38 | INFO | t3shield | log_requests:49 | GET /js/user-management.js - 304 - 0.005s
2025-07-02 21:32:38 | INFO | t3shield | log_requests:49 | GET /js/stats-data-refined.js - 304 - 0.004s
2025-07-02 21:32:38 | INFO | t3shield | log_requests:49 | GET /t3shield/api/current-user - 200 - 0.246s
2025-07-02 21:32:40 | INFO | t3shield | get_arefs:2800 | Found 13 AREFs
2025-07-02 21:32:40 | INFO | t3shield | get_villes:2911 | Found 83 Villes
2025-07-02 21:32:40 | INFO | t3shield | log_requests:49 | GET /t3shield/api/get_arefs - 200 - 1.894s
2025-07-02 21:32:40 | INFO | t3shield | log_requests:49 | GET /t3shield/api/get_villes - 200 - 1.909s
2025-07-02 21:32:40 | INFO | t3shield | get_dps:2854 | Found 83 DPs
2025-07-02 21:32:40 | INFO | t3shield | log_requests:49 | GET /t3shield/api/get_dps - 200 - 2.031s
2025-07-02 21:32:40 | INFO | t3shield | get_lycees:2973 | Found 803 Lycees
2025-07-02 21:32:40 | INFO | t3shield | log_requests:49 | GET /t3shield/api/get_lycees - 200 - 2.180s
2025-07-02 21:32:41 | INFO | t3shield | log_requests:49 | GET /api/verified_analyses - 200 - 0.470s
2025-07-02 21:32:41 | INFO | t3shield | log_requests:49 | GET /api/mobility_analyses - 200 - 0.528s
2025-07-02 21:32:41 | INFO | t3shield | log_requests:49 | GET /api/analyses - 200 - 0.544s
2025-07-02 21:32:42 | INFO | t3shield | log_requests:49 | GET /api/verified_analyses - 200 - 0.489s
2025-07-02 21:32:42 | INFO | t3shield | log_requests:49 | GET /api/mobility_analyses - 200 - 0.594s
2025-07-02 21:32:42 | INFO | t3shield | log_requests:49 | GET /api/analyses - 200 - 0.666s
2025-07-02 21:32:43 | INFO | t3shield | log_requests:49 | GET /api/mobility_analyses - 200 - 0.506s
2025-07-02 21:32:43 | INFO | t3shield | log_requests:49 | GET /api/analyses - 200 - 0.544s
2025-07-02 21:32:43 | INFO | t3shield | log_requests:49 | GET /api/verified_analyses - 200 - 0.938s
2025-07-02 21:32:44 | INFO | t3shield | log_requests:49 | GET /api/statistics - 200 - 2.872s
2025-07-02 21:32:45 | INFO | t3shield | log_requests:49 | GET /api/statistics - 200 - 3.377s
2025-07-02 21:32:49 | INFO | t3shield | log_requests:49 | GET /api/statistics - 200 - 3.261s
2025-07-02 21:35:30 | INFO | t3shield | log_requests:49 | GET /api/analyses - 200 - 1.024s
2025-07-02 21:35:30 | INFO | t3shield | log_requests:49 | GET /api/mobility_analyses - 200 - 0.533s
2025-07-02 21:35:31 | INFO | t3shield | log_requests:49 | GET /api/verified_analyses - 200 - 0.469s
2025-07-02 21:35:55 | INFO | t3shield | log_requests:49 | GET /t3shield/api/current-user - 200 - 0.222s
2025-07-02 21:35:57 | INFO | t3shield | get_arefs:2800 | Found 13 AREFs
2025-07-02 21:35:57 | INFO | t3shield | log_requests:49 | GET /t3shield/api/get_arefs - 200 - 2.017s
2025-07-02 21:35:59 | INFO | t3shield | get_dps:2854 | Found 83 DPs
2025-07-02 21:35:59 | INFO | t3shield | log_requests:49 | GET /t3shield/api/get_dps - 200 - 1.864s
2025-07-02 21:36:01 | INFO | t3shield | get_villes:2911 | Found 83 Villes
2025-07-02 21:36:01 | INFO | t3shield | log_requests:49 | GET /t3shield/api/get_villes - 200 - 1.947s
2025-07-02 21:36:03 | INFO | t3shield | get_lycees:2973 | Found 803 Lycees
2025-07-02 21:36:03 | INFO | t3shield | log_requests:49 | GET /t3shield/api/get_lycees - 200 - 2.149s
2025-07-02 21:36:04 | INFO | t3shield | log_requests:49 | GET /t3shield/api/current-user - 200 - 0.294s
2025-07-02 21:36:06 | INFO | t3shield | get_arefs:2800 | Found 13 AREFs
2025-07-02 21:36:06 | INFO | t3shield | log_requests:49 | GET /t3shield/api/get_arefs - 200 - 2.284s
2025-07-02 21:36:08 | INFO | t3shield | get_dps:2854 | Found 83 DPs
2025-07-02 21:36:08 | INFO | t3shield | log_requests:49 | GET /t3shield/api/get_dps - 200 - 2.057s
2025-07-02 21:36:08 | INFO | t3shield | log_requests:49 | GET /dashboard-national - 200 - 0.001s
2025-07-02 21:36:10 | INFO | t3shield | get_lycees:2973 | Found 803 Lycees
2025-07-02 21:36:10 | INFO | t3shield | log_requests:49 | GET /t3shield/api/get_lycees - 200 - 2.130s
2025-07-02 21:36:10 | INFO | t3shield | log_requests:49 | GET /dashboard-national - 200 - 0.001s
2025-07-02 21:36:10 | INFO | t3shield | get_villes:2911 | Found 83 Villes
2025-07-02 21:36:10 | INFO | t3shield | log_requests:49 | GET /t3shield/api/get_villes - 200 - 2.535s
2025-07-02 21:36:30 | INFO | t3shield | log_requests:49 | GET /t3shield/api/current-user - 200 - 0.217s
2025-07-02 21:36:32 | INFO | t3shield | get_arefs:2800 | Found 13 AREFs
2025-07-02 21:36:32 | INFO | t3shield | log_requests:49 | GET /t3shield/api/get_arefs - 200 - 1.872s
2025-07-02 21:36:34 | INFO | t3shield | get_dps:2854 | Found 83 DPs
2025-07-02 21:36:34 | INFO | t3shield | log_requests:49 | GET /t3shield/api/get_dps - 200 - 2.055s
2025-07-02 21:36:35 | INFO | t3shield | log_requests:49 | GET /t3shield/api/current-user - 200 - 0.218s
2025-07-02 21:36:36 | INFO | t3shield | get_villes:2911 | Found 83 Villes
2025-07-02 21:36:36 | INFO | t3shield | log_requests:49 | GET /t3shield/api/get_villes - 200 - 2.010s
2025-07-02 21:36:37 | INFO | t3shield | get_villes:2911 | Found 83 Villes
2025-07-02 21:36:37 | INFO | t3shield | log_requests:49 | GET /t3shield/api/get_villes - 200 - 1.987s
2025-07-02 21:36:37 | INFO | t3shield | get_lycees:2973 | Found 803 Lycees
2025-07-02 21:36:37 | INFO | t3shield | log_requests:49 | GET /t3shield/api/get_lycees - 200 - 2.158s
2025-07-02 21:36:37 | INFO | t3shield | get_dps:2854 | Found 83 DPs
2025-07-02 21:36:37 | INFO | t3shield | get_arefs:2800 | Found 13 AREFs
2025-07-02 21:36:37 | INFO | t3shield | log_requests:49 | GET /t3shield/api/get_dps - 200 - 2.490s
2025-07-02 21:36:38 | INFO | t3shield | get_lycees:2973 | Found 803 Lycees
2025-07-02 21:36:38 | INFO | t3shield | log_requests:49 | GET /t3shield/api/get_arefs - 200 - 2.340s
2025-07-02 21:36:38 | INFO | t3shield | log_requests:49 | GET /t3shield/api/get_lycees - 200 - 2.641s
2025-07-02 21:36:38 | INFO | t3shield | log_requests:49 | GET /api/verified_analyses - 200 - 0.488s
2025-07-02 21:36:38 | INFO | t3shield | log_requests:49 | GET /api/mobility_analyses - 200 - 0.545s
2025-07-02 21:36:38 | INFO | t3shield | log_requests:49 | GET /api/analyses - 200 - 0.545s
2025-07-02 21:36:41 | INFO | t3shield | log_requests:49 | GET /api/statistics - 200 - 3.034s
2025-07-02 21:36:42 | INFO | t3shield | log_requests:49 | GET /api/statistics - 200 - 3.328s
2025-07-02 21:36:45 | INFO | t3shield | log_requests:49 | GET /api/statistics - 200 - 3.450s
2025-07-02 21:37:11 | INFO | t3shield | log_requests:49 | GET /t3shield/api/current-user - 200 - 0.211s
2025-07-02 21:37:13 | INFO | t3shield | get_arefs:2800 | Found 13 AREFs
2025-07-02 21:37:13 | INFO | t3shield | get_dps:2854 | Found 83 DPs
2025-07-02 21:37:13 | INFO | t3shield | get_villes:2911 | Found 83 Villes
2025-07-02 21:37:13 | INFO | t3shield | log_requests:49 | GET /t3shield/api/get_arefs - 200 - 1.949s
2025-07-02 21:37:13 | INFO | t3shield | log_requests:49 | GET /t3shield/api/get_dps - 200 - 1.990s
2025-07-02 21:37:13 | INFO | t3shield | log_requests:49 | GET /t3shield/api/get_villes - 200 - 2.017s
2025-07-02 21:37:13 | INFO | t3shield | get_lycees:2973 | Found 803 Lycees
2025-07-02 21:37:13 | INFO | t3shield | log_requests:49 | GET /t3shield/api/get_lycees - 200 - 2.141s
2025-07-02 21:37:14 | INFO | t3shield | log_requests:49 | GET /api/verified_analyses - 200 - 0.478s
2025-07-02 21:37:14 | INFO | t3shield | log_requests:49 | GET /api/mobility_analyses - 200 - 0.543s
2025-07-02 21:37:14 | INFO | t3shield | log_requests:49 | GET /api/analyses - 200 - 0.564s
2025-07-02 21:37:15 | INFO | t3shield | log_requests:49 | GET /api/verified_analyses - 200 - 0.477s
2025-07-02 21:37:15 | INFO | t3shield | log_requests:49 | GET /api/analyses - 200 - 0.553s
2025-07-02 21:37:15 | INFO | t3shield | log_requests:49 | GET /api/mobility_analyses - 200 - 0.551s
2025-07-02 21:37:26 | INFO | t3shield | log_requests:49 | GET /api/verified_analyses - 200 - 5.304s
2025-07-02 21:37:26 | INFO | t3shield | log_requests:49 | GET /api/mobility_analyses - 200 - 5.375s
2025-07-02 21:37:30 | INFO | t3shield | log_requests:49 | GET /t3shield/api/geojson/regions - 200 - 15.586s
2025-07-02 21:37:31 | INFO | t3shield | log_requests:49 | GET /api/analyses - 200 - 10.318s
2025-07-02 21:37:40 | INFO | t3shield | log_requests:49 | GET /t3shield/api/geojson/provinces - 200 - 10.364s
2025-07-02 21:43:37 | INFO | t3shield | log_requests:49 | GET /api/statistics - 200 - 12.839s
2025-07-02 21:43:37 | INFO | t3shield | log_requests:49 | GET /api/statistics - 200 - 12.946s
2025-07-02 21:43:37 | INFO | t3shield | log_requests:49 | GET /api/statistics - 200 - 13.571s
2025-07-02 21:43:41 | INFO | t3shield | log_requests:49 | GET /api/statistics - 200 - 17.085s
2025-07-02 21:43:41 | INFO | t3shield | log_requests:49 | GET /api/statistics - 200 - 17.114s
2025-07-02 21:49:20 | INFO | t3shield | log_requests:49 | GET /api/statistics - 200 - 5.411s
2025-07-02 21:49:39 | INFO | t3shield | log_requests:49 | GET /api/statistics - 200 - 2.845s
2025-07-02 21:49:42 | INFO | t3shield | log_requests:49 | GET /api/statistics - 200 - 2.806s
2025-07-02 22:56:29 | INFO | t3shield | log_requests:49 | GET /t3shield/api/get_dps - 500 - 4888.400s
2025-07-02 22:56:29 | INFO | t3shield | log_requests:49 | GET /t3shield/api/get_lycees - 500 - 4888.397s
2025-07-02 22:56:29 | INFO | t3shield | log_requests:49 | GET /t3shield/api/get_villes - 500 - 4888.397s
2025-07-02 22:56:29 | INFO | t3shield | log_requests:49 | GET /t3shield/api/get_arefs - 500 - 4888.406s
